<?xml version="1.0" encoding="UTF-8"?>
<testsuite xmlns:xsi="http://www.w3.org/2001/XMLSchema-instance" xsi:noNamespaceSchemaLocation="https://maven.apache.org/surefire/maven-failsafe-plugin/xsd/failsafe-test-report-3.0.xsd" version="3.0" name="category coupons" time="53.772" tests="1" errors="0" skipped="0" failures="0">
  <properties>
    <property name="java.specification.version" value="16"/>
    <property name="webdriver.chrome.driver" value="C:\Users\Usuario\.cache\selenium\chromedriver\win32\93.0.4577.15\chromedriver.exe"/>
    <property name="sun.cpu.isalist" value="amd64"/>
    <property name="sun.jnu.encoding" value="Cp1252"/>
    <property name="java.class.path" value="C:\Users\Usuario\Desktop\AUTOMATIZACIONES\automation-cuponero-v2\target\test-classes;C:\Users\Usuario\.m2\repository\org\projectlombok\lombok\1.18.20\lombok-1.18.20.jar;C:\Users\Usuario\.m2\repository\com\browserstack\browserstack-local-java\1.0.6\browserstack-local-java-1.0.6.jar;C:\Users\Usuario\.m2\repository\org\json\json\20160212\json-20160212.jar;C:\Users\Usuario\.m2\repository\commons-io\commons-io\2.8.0\commons-io-2.8.0.jar;C:\Users\Usuario\.m2\repository\ch\qos\logback\logback-classic\1.0.13\logback-classic-1.0.13.jar;C:\Users\Usuario\.m2\repository\ch\qos\logback\logback-core\1.0.13\logback-core-1.0.13.jar;C:\Users\Usuario\.m2\repository\org\slf4j\slf4j-api\1.7.5\slf4j-api-1.7.5.jar;C:\Users\Usuario\.m2\repository\net\serenity-bdd\serenity-core\2.4.34\serenity-core-2.4.34.jar;C:\Users\Usuario\.m2\repository\net\serenity-bdd\serenity-model\2.4.34\serenity-model-2.4.34.jar;C:\Users\Usuario\.m2\repository\org\apache\commons\commons-text\1.9\commons-text-1.9.jar;C:\Users\Usuario\.m2\repository\commons-net\commons-net\3.6\commons-net-3.6.jar;C:\Users\Usuario\.m2\repository\com\google\guava\guava\30.1-jre\guava-30.1-jre.jar;C:\Users\Usuario\.m2\repository\com\google\guava\failureaccess\1.0.1\failureaccess-1.0.1.jar;C:\Users\Usuario\.m2\repository\com\google\guava\listenablefuture\9999.0-empty-to-avoid-conflict-with-guava\listenablefuture-9999.0-empty-to-avoid-conflict-with-guava.jar;C:\Users\Usuario\.m2\repository\com\google\code\findbugs\jsr305\3.0.2\jsr305-3.0.2.jar;C:\Users\Usuario\.m2\repository\org\checkerframework\checker-qual\3.5.0\checker-qual-3.5.0.jar;C:\Users\Usuario\.m2\repository\com\google\errorprone\error_prone_annotations\2.3.4\error_prone_annotations-2.3.4.jar;C:\Users\Usuario\.m2\repository\com\google\j2objc\j2objc-annotations\1.3\j2objc-annotations-1.3.jar;C:\Users\Usuario\.m2\repository\com\google\inject\guice\5.0.1\guice-5.0.1.jar;C:\Users\Usuario\.m2\repository\javax\inject\javax.inject\1\javax.inject-1.jar;C:\Users\Usuario\.m2\repository\aopalliance\aopalliance\1.0\aopalliance-1.0.jar;C:\Users\Usuario\.m2\repository\org\jsoup\jsoup\1.13.1\jsoup-1.13.1.jar;C:\Users\Usuario\.m2\repository\com\thoughtworks\xstream\xstream\1.4.17\xstream-1.4.17.jar;C:\Users\Usuario\.m2\repository\io\github\x-stream\mxparser\1.2.1\mxparser-1.2.1.jar;C:\Users\Usuario\.m2\repository\xmlpull\xmlpull\1.1.3.1\xmlpull-1.1.3.1.jar;C:\Users\Usuario\.m2\repository\com\typesafe\config\1.3.1\config-1.3.1.jar;C:\Users\Usuario\.m2\repository\org\imgscalr\imgscalr-lib\4.2\imgscalr-lib-4.2.jar;C:\Users\Usuario\.m2\repository\org\awaitility\awaitility\4.0.3\awaitility-4.0.3.jar;C:\Users\Usuario\.m2\repository\org\freemarker\freemarker\2.3.29\freemarker-2.3.29.jar;C:\Users\Usuario\.m2\repository\net\sourceforge\jexcelapi\jxl\2.6.12\jxl-2.6.12.jar;C:\Users\Usuario\.m2\repository\org\asciidoctor\asciidoctorj\1.5.6\asciidoctorj-1.5.6.jar;C:\Users\Usuario\.m2\repository\org\jruby\jruby-complete\1.7.26\jruby-complete-1.7.26.jar;C:\Users\Usuario\.m2\repository\net\bytebuddy\byte-buddy\1.11.1\byte-buddy-1.11.1.jar;C:\Users\Usuario\.m2\repository\net\bytebuddy\byte-buddy-agent\1.11.1\byte-buddy-agent-1.11.1.jar;C:\Users\Usuario\.m2\repository\org\objenesis\objenesis\3.1\objenesis-3.1.jar;C:\Users\Usuario\.m2\repository\net\serenity-bdd\serenity-reports\2.4.34\serenity-reports-2.4.34.jar;C:\Users\Usuario\.m2\repository\net\serenity-bdd\serenity-stats\2.4.34\serenity-stats-2.4.34.jar;C:\Users\Usuario\.m2\repository\net\serenity-bdd\serenity-reports-configuration\2.4.34\serenity-reports-configuration-2.4.34.jar;C:\Users\Usuario\.m2\repository\com\vladsch\flexmark\flexmark-all\0.34.30\flexmark-all-0.34.30.jar;C:\Users\Usuario\.m2\repository\com\vladsch\flexmark\flexmark\0.34.30\flexmark-0.34.30.jar;C:\Users\Usuario\.m2\repository\com\vladsch\flexmark\flexmark-ext-abbreviation\0.34.30\flexmark-ext-abbreviation-0.34.30.jar;C:\Users\Usuario\.m2\repository\com\vladsch\flexmark\flexmark-ext-admonition\0.34.30\flexmark-ext-admonition-0.34.30.jar;C:\Users\Usuario\.m2\repository\com\vladsch\flexmark\flexmark-ext-anchorlink\0.34.30\flexmark-ext-anchorlink-0.34.30.jar;C:\Users\Usuario\.m2\repository\com\vladsch\flexmark\flexmark-ext-aside\0.34.30\flexmark-ext-aside-0.34.30.jar;C:\Users\Usuario\.m2\repository\com\vladsch\flexmark\flexmark-ext-attributes\0.34.30\flexmark-ext-attributes-0.34.30.jar;C:\Users\Usuario\.m2\repository\com\vladsch\flexmark\flexmark-ext-autolink\0.34.30\flexmark-ext-autolink-0.34.30.jar;C:\Users\Usuario\.m2\repository\org\nibor\autolink\autolink\0.6.0\autolink-0.6.0.jar;C:\Users\Usuario\.m2\repository\com\vladsch\flexmark\flexmark-ext-definition\0.34.30\flexmark-ext-definition-0.34.30.jar;C:\Users\Usuario\.m2\repository\com\vladsch\flexmark\flexmark-ext-emoji\0.34.30\flexmark-ext-emoji-0.34.30.jar;C:\Users\Usuario\.m2\repository\com\vladsch\flexmark\flexmark-ext-enumerated-reference\0.34.30\flexmark-ext-enumerated-reference-0.34.30.jar;C:\Users\Usuario\.m2\repository\com\vladsch\flexmark\flexmark-ext-escaped-character\0.34.30\flexmark-ext-escaped-character-0.34.30.jar;C:\Users\Usuario\.m2\repository\com\vladsch\flexmark\flexmark-ext-footnotes\0.34.30\flexmark-ext-footnotes-0.34.30.jar;C:\Users\Usuario\.m2\repository\com\vladsch\flexmark\flexmark-ext-gfm-issues\0.34.30\flexmark-ext-gfm-issues-0.34.30.jar;C:\Users\Usuario\.m2\repository\com\vladsch\flexmark\flexmark-ext-gfm-strikethrough\0.34.30\flexmark-ext-gfm-strikethrough-0.34.30.jar;C:\Users\Usuario\.m2\repository\com\vladsch\flexmark\flexmark-ext-gfm-tables\0.34.30\flexmark-ext-gfm-tables-0.34.30.jar;C:\Users\Usuario\.m2\repository\com\vladsch\flexmark\flexmark-ext-gfm-tasklist\0.34.30\flexmark-ext-gfm-tasklist-0.34.30.jar;C:\Users\Usuario\.m2\repository\com\vladsch\flexmark\flexmark-ext-gfm-users\0.34.30\flexmark-ext-gfm-users-0.34.30.jar;C:\Users\Usuario\.m2\repository\com\vladsch\flexmark\flexmark-ext-gitlab\0.34.30\flexmark-ext-gitlab-0.34.30.jar;C:\Users\Usuario\.m2\repository\com\vladsch\flexmark\flexmark-ext-jekyll-front-matter\0.34.30\flexmark-ext-jekyll-front-matter-0.34.30.jar;C:\Users\Usuario\.m2\repository\com\vladsch\flexmark\flexmark-ext-jekyll-tag\0.34.30\flexmark-ext-jekyll-tag-0.34.30.jar;C:\Users\Usuario\.m2\repository\com\vladsch\flexmark\flexmark-ext-media-tags\0.34.30\flexmark-ext-media-tags-0.34.30.jar;C:\Users\Usuario\.m2\repository\com\vladsch\flexmark\flexmark-test-util\0.34.30\flexmark-test-util-0.34.30.jar;C:\Users\Usuario\.m2\repository\com\vladsch\flexmark\flexmark-ext-ins\0.34.30\flexmark-ext-ins-0.34.30.jar;C:\Users\Usuario\.m2\repository\com\vladsch\flexmark\flexmark-ext-xwiki-macros\0.34.30\flexmark-ext-xwiki-macros-0.34.30.jar;C:\Users\Usuario\.m2\repository\com\vladsch\flexmark\flexmark-ext-superscript\0.34.30\flexmark-ext-superscript-0.34.30.jar;C:\Users\Usuario\.m2\repository\com\vladsch\flexmark\flexmark-ext-tables\0.34.30\flexmark-ext-tables-0.34.30.jar;C:\Users\Usuario\.m2\repository\com\vladsch\flexmark\flexmark-ext-toc\0.34.30\flexmark-ext-toc-0.34.30.jar;C:\Users\Usuario\.m2\repository\com\vladsch\flexmark\flexmark-ext-typographic\0.34.30\flexmark-ext-typographic-0.34.30.jar;C:\Users\Usuario\.m2\repository\com\vladsch\flexmark\flexmark-ext-wikilink\0.34.30\flexmark-ext-wikilink-0.34.30.jar;C:\Users\Usuario\.m2\repository\com\vladsch\flexmark\flexmark-ext-yaml-front-matter\0.34.30\flexmark-ext-yaml-front-matter-0.34.30.jar;C:\Users\Usuario\.m2\repository\com\vladsch\flexmark\flexmark-ext-youtube-embedded\0.34.30\flexmark-ext-youtube-embedded-0.34.30.jar;C:\Users\Usuario\.m2\repository\com\vladsch\flexmark\flexmark-formatter\0.34.30\flexmark-formatter-0.34.30.jar;C:\Users\Usuario\.m2\repository\com\vladsch\flexmark\flexmark-html-parser\0.34.30\flexmark-html-parser-0.34.30.jar;C:\Users\Usuario\.m2\repository\com\vladsch\flexmark\flexmark-jira-converter\0.34.30\flexmark-jira-converter-0.34.30.jar;C:\Users\Usuario\.m2\repository\com\vladsch\flexmark\flexmark-pdf-converter\0.34.30\flexmark-pdf-converter-0.34.30.jar;C:\Users\Usuario\.m2\repository\com\openhtmltopdf\openhtmltopdf-core\0.0.1-RC13\openhtmltopdf-core-0.0.1-RC13.jar;C:\Users\Usuario\.m2\repository\com\openhtmltopdf\openhtmltopdf-pdfbox\0.0.1-RC13\openhtmltopdf-pdfbox-0.0.1-RC13.jar;C:\Users\Usuario\.m2\repository\org\apache\pdfbox\pdfbox\2.0.8\pdfbox-2.0.8.jar;C:\Users\Usuario\.m2\repository\org\apache\pdfbox\fontbox\2.0.8\fontbox-2.0.8.jar;C:\Users\Usuario\.m2\repository\org\apache\pdfbox\xmpbox\2.0.8\xmpbox-2.0.8.jar;C:\Users\Usuario\.m2\repository\de\rototor\pdfbox\graphics2d\0.12\graphics2d-0.12.jar;C:\Users\Usuario\.m2\repository\com\openhtmltopdf\openhtmltopdf-rtl-support\0.0.1-RC13\openhtmltopdf-rtl-support-0.0.1-RC13.jar;C:\Users\Usuario\.m2\repository\com\ibm\icu\icu4j\59.1\icu4j-59.1.jar;C:\Users\Usuario\.m2\repository\com\openhtmltopdf\openhtmltopdf-jsoup-dom-converter\0.0.1-RC13\openhtmltopdf-jsoup-dom-converter-0.0.1-RC13.jar;C:\Users\Usuario\.m2\repository\com\vladsch\flexmark\flexmark-profile-pegdown\0.34.30\flexmark-profile-pegdown-0.34.30.jar;C:\Users\Usuario\.m2\repository\com\vladsch\flexmark\flexmark-util\0.34.30\flexmark-util-0.34.30.jar;C:\Users\Usuario\.m2\repository\com\vladsch\flexmark\flexmark-youtrack-converter\0.34.30\flexmark-youtrack-converter-0.34.30.jar;C:\Users\Usuario\.m2\repository\es\nitaur\markdown\txtmark\0.16\txtmark-0.16.jar;C:\Users\Usuario\.m2\repository\net\serenity-bdd\serenity-report-resources\2.4.34\serenity-report-resources-2.4.34.jar;C:\Users\Usuario\.m2\repository\com\google\code\gson\gson\2.8.6\gson-2.8.6.jar;C:\Users\Usuario\.m2\repository\commons-codec\commons-codec\1.15\commons-codec-1.15.jar;C:\Users\Usuario\.m2\repository\org\seleniumhq\selenium\selenium-server\3.141.59\selenium-server-3.141.59.jar;C:\Users\Usuario\.m2\repository\org\seleniumhq\selenium\selenium-opera-driver\3.141.59\selenium-opera-driver-3.141.59.jar;C:\Users\Usuario\.m2\repository\org\seleniumhq\selenium\selenium-remote-driver\3.141.59\selenium-remote-driver-3.141.59.jar;C:\Users\Usuario\.m2\repository\org\seleniumhq\selenium\selenium-safari-driver\3.141.59\selenium-safari-driver-3.141.59.jar;C:\Users\Usuario\.m2\repository\com\beust\jcommander\1.72\jcommander-1.72.jar;C:\Users\Usuario\.m2\repository\org\apache\commons\commons-exec\1.3\commons-exec-1.3.jar;C:\Users\Usuario\.m2\repository\net\jcip\jcip-annotations\1.0\jcip-annotations-1.0.jar;C:\Users\Usuario\.m2\repository\org\seleniumhq\selenium\jetty-repacked\9.4.12.v20180830\jetty-repacked-9.4.12.v20180830.jar;C:\Users\Usuario\.m2\repository\com\squareup\okhttp3\okhttp\3.11.0\okhttp-3.11.0.jar;C:\Users\Usuario\.m2\repository\com\squareup\okio\okio\1.14.0\okio-1.14.0.jar;C:\Users\Usuario\.m2\repository\javax\servlet\javax.servlet-api\3.1.0\javax.servlet-api-3.1.0.jar;C:\Users\Usuario\.m2\repository\org\yaml\snakeyaml\1.19\snakeyaml-1.19.jar;C:\Users\Usuario\.m2\repository\org\seleniumhq\selenium\selenium-java\3.141.59\selenium-java-3.141.59.jar;C:\Users\Usuario\.m2\repository\org\seleniumhq\selenium\selenium-api\3.141.59\selenium-api-3.141.59.jar;C:\Users\Usuario\.m2\repository\org\seleniumhq\selenium\selenium-support\3.141.59\selenium-support-3.141.59.jar;C:\Users\Usuario\.m2\repository\org\seleniumhq\selenium\selenium-chrome-driver\3.141.59\selenium-chrome-driver-3.141.59.jar;C:\Users\Usuario\.m2\repository\org\seleniumhq\selenium\selenium-firefox-driver\3.141.59\selenium-firefox-driver-3.141.59.jar;C:\Users\Usuario\.m2\repository\org\seleniumhq\selenium\selenium-edge-driver\3.141.59\selenium-edge-driver-3.141.59.jar;C:\Users\Usuario\.m2\repository\org\seleniumhq\selenium\selenium-ie-driver\3.141.59\selenium-ie-driver-3.141.59.jar;C:\Users\Usuario\.m2\repository\net\sourceforge\htmlunit\htmlunit\2.47.1\htmlunit-2.47.1.jar;C:\Users\Usuario\.m2\repository\xalan\xalan\2.7.2\xalan-2.7.2.jar;C:\Users\Usuario\.m2\repository\xalan\serializer\2.7.2\serializer-2.7.2.jar;C:\Users\Usuario\.m2\repository\org\apache\httpcomponents\httpmime\4.5.13\httpmime-4.5.13.jar;C:\Users\Usuario\.m2\repository\org\apache\httpcomponents\httpclient\4.5.13\httpclient-4.5.13.jar;C:\Users\Usuario\.m2\repository\org\apache\httpcomponents\httpcore\4.4.13\httpcore-4.4.13.jar;C:\Users\Usuario\.m2\repository\net\sourceforge\htmlunit\htmlunit-core-js\2.47.0\htmlunit-core-js-2.47.0.jar;C:\Users\Usuario\.m2\repository\net\sourceforge\htmlunit\neko-htmlunit\2.47.1\neko-htmlunit-2.47.1.jar;C:\Users\Usuario\.m2\repository\xerces\xercesImpl\2.12.0\xercesImpl-2.12.0.jar;C:\Users\Usuario\.m2\repository\xml-apis\xml-apis\1.4.01\xml-apis-1.4.01.jar;C:\Users\Usuario\.m2\repository\net\sourceforge\htmlunit\htmlunit-cssparser\1.7.0\htmlunit-cssparser-1.7.0.jar;C:\Users\Usuario\.m2\repository\org\brotli\dec\0.1.2\dec-0.1.2.jar;C:\Users\Usuario\.m2\repository\com\shapesecurity\salvation2\3.0.0\salvation2-3.0.0.jar;C:\Users\Usuario\.m2\repository\org\eclipse\jetty\websocket\websocket-client\9.4.36.v20210114\websocket-client-9.4.36.v20210114.jar;C:\Users\Usuario\.m2\repository\org\eclipse\jetty\jetty-client\9.4.36.v20210114\jetty-client-9.4.36.v20210114.jar;C:\Users\Usuario\.m2\repository\org\eclipse\jetty\jetty-http\9.4.36.v20210114\jetty-http-9.4.36.v20210114.jar;C:\Users\Usuario\.m2\repository\org\eclipse\jetty\jetty-util\9.4.36.v20210114\jetty-util-9.4.36.v20210114.jar;C:\Users\Usuario\.m2\repository\org\eclipse\jetty\jetty-io\9.4.36.v20210114\jetty-io-9.4.36.v20210114.jar;C:\Users\Usuario\.m2\repository\org\eclipse\jetty\websocket\websocket-common\9.4.36.v20210114\websocket-common-9.4.36.v20210114.jar;C:\Users\Usuario\.m2\repository\org\eclipse\jetty\websocket\websocket-api\9.4.36.v20210114\websocket-api-9.4.36.v20210114.jar;C:\Users\Usuario\.m2\repository\org\seleniumhq\selenium\htmlunit-driver\2.47.1\htmlunit-driver-2.47.1.jar;C:\Users\Usuario\.m2\repository\com\codeborne\phantomjsdriver\1.4.4\phantomjsdriver-1.4.4.jar;C:\Users\Usuario\.m2\repository\io\appium\java-client\7.5.1\java-client-7.5.1.jar;C:\Users\Usuario\.m2\repository\commons-validator\commons-validator\1.7\commons-validator-1.7.jar;C:\Users\Usuario\.m2\repository\commons-digester\commons-digester\2.1\commons-digester-2.1.jar;C:\Users\Usuario\.m2\repository\org\aspectj\aspectjweaver\1.9.6\aspectjweaver-1.9.6.jar;C:\Users\Usuario\.m2\repository\org\codehaus\groovy\groovy\3.0.8\groovy-3.0.8.jar;C:\Users\Usuario\.m2\repository\net\sf\opencsv\opencsv\2.0\opencsv-2.0.jar;C:\Users\Usuario\.m2\repository\commons-beanutils\commons-beanutils\1.9.4\commons-beanutils-1.9.4.jar;C:\Users\Usuario\.m2\repository\org\apache\commons\commons-lang3\3.11\commons-lang3-3.11.jar;C:\Users\Usuario\.m2\repository\commons-collections\commons-collections\3.2.2\commons-collections-3.2.2.jar;C:\Users\Usuario\.m2\repository\org\fluentlenium\fluentlenium-core\0.10.2\fluentlenium-core-0.10.2.jar;C:\Users\Usuario\.m2\repository\io\github\bonigarcia\webdrivermanager\4.4.1\webdrivermanager-4.4.1.jar;C:\Users\Usuario\.m2\repository\org\apache\httpcomponents\client5\httpclient5\5.0.3\httpclient5-5.0.3.jar;C:\Users\Usuario\.m2\repository\org\apache\httpcomponents\core5\httpcore5\5.0.2\httpcore5-5.0.2.jar;C:\Users\Usuario\.m2\repository\org\apache\httpcomponents\core5\httpcore5-h2\5.0.2\httpcore5-h2-5.0.2.jar;C:\Users\Usuario\.m2\repository\org\rauschig\jarchivelib\1.1.0\jarchivelib-1.1.0.jar;C:\Users\Usuario\.m2\repository\org\apache\commons\commons-compress\1.20\commons-compress-1.20.jar;C:\Users\Usuario\.m2\repository\com\jhlabs\filters\2.0.235\filters-2.0.235.jar;C:\Users\Usuario\.m2\repository\com\assertthat\selenium-shutterbug\1.4\selenium-shutterbug-1.4.jar;C:\Users\Usuario\.m2\repository\com\github\zafarkhaja\java-semver\0.9.0\java-semver-0.9.0.jar;C:\Users\Usuario\.m2\repository\ru\yandex\qatools\ashot\ashot\1.5.4\ashot-1.5.4.jar;C:\Users\Usuario\.m2\repository\com\paulhammant\ngwebdriver\1.1.5\ngwebdriver-1.1.5.jar;C:\Users\Usuario\.m2\repository\joda-time\joda-time\2.8.2\joda-time-2.8.2.jar;C:\Users\Usuario\.m2\repository\org\hamcrest\hamcrest\2.2\hamcrest-2.2.jar;C:\Users\Usuario\.m2\repository\com\google\jimfs\jimfs\1.1\jimfs-1.1.jar;C:\Users\Usuario\.m2\repository\org\mockito\mockito-core\3.3.3\mockito-core-3.3.3.jar;C:\Users\Usuario\.m2\repository\javax\xml\bind\jaxb-api\2.3.1\jaxb-api-2.3.1.jar;C:\Users\Usuario\.m2\repository\javax\activation\javax.activation-api\1.2.0\javax.activation-api-1.2.0.jar;C:\Users\Usuario\.m2\repository\com\sun\xml\bind\jaxb-core\2.3.0.1\jaxb-core-2.3.0.1.jar;C:\Users\Usuario\.m2\repository\com\sun\xml\bind\jaxb-impl\2.3.3\jaxb-impl-2.3.3.jar;C:\Users\Usuario\.m2\repository\jakarta\xml\bind\jakarta.xml.bind-api\2.3.3\jakarta.xml.bind-api-2.3.3.jar;C:\Users\Usuario\.m2\repository\com\sun\activation\jakarta.activation\1.2.2\jakarta.activation-1.2.2.jar;C:\Users\Usuario\.m2\repository\javax\activation\activation\1.1.1\activation-1.1.1.jar;C:\Users\Usuario\.m2\repository\net\serenity-bdd\serenity-junit\2.4.34\serenity-junit-2.4.34.jar;C:\Users\Usuario\.m2\repository\net\serenity-bdd\serenity-screenplay\2.4.34\serenity-screenplay-2.4.34.jar;C:\Users\Usuario\.m2\repository\net\serenity-bdd\serenity-screenplay-webdriver\2.4.34\serenity-screenplay-webdriver-2.4.34.jar;C:\Users\Usuario\.m2\repository\net\serenity-bdd\serenity-screenplay-rest\2.4.34\serenity-screenplay-rest-2.4.34.jar;C:\Users\Usuario\.m2\repository\net\serenity-bdd\serenity-rest-assured\2.4.34\serenity-rest-assured-2.4.34.jar;C:\Users\Usuario\.m2\repository\io\rest-assured\rest-assured\4.3.3\rest-assured-4.3.3.jar;C:\Users\Usuario\.m2\repository\org\ccil\cowan\tagsoup\tagsoup\1.2.1\tagsoup-1.2.1.jar;C:\Users\Usuario\.m2\repository\io\rest-assured\json-path\4.3.3\json-path-4.3.3.jar;C:\Users\Usuario\.m2\repository\io\rest-assured\rest-assured-common\4.3.3\rest-assured-common-4.3.3.jar;C:\Users\Usuario\.m2\repository\io\rest-assured\xml-path\4.3.3\xml-path-4.3.3.jar;C:\Users\Usuario\.m2\repository\org\codehaus\groovy\groovy-json\3.0.8\groovy-json-3.0.8.jar;C:\Users\Usuario\.m2\repository\org\codehaus\groovy\groovy-xml\3.0.8\groovy-xml-3.0.8.jar;C:\Users\Usuario\.m2\repository\org\opentest4j\opentest4j\1.2.0\opentest4j-1.2.0.jar;C:\Users\Usuario\.m2\repository\net\serenity-bdd\serenity-ensure\2.4.34\serenity-ensure-2.4.34.jar;C:\Users\Usuario\.m2\repository\org\jetbrains\kotlin\kotlin-stdlib\1.5.0\kotlin-stdlib-1.5.0.jar;C:\Users\Usuario\.m2\repository\org\jetbrains\annotations\13.0\annotations-13.0.jar;C:\Users\Usuario\.m2\repository\org\jetbrains\kotlin\kotlin-stdlib-common\1.5.0\kotlin-stdlib-common-1.5.0.jar;C:\Users\Usuario\.m2\repository\net\serenity-bdd\serenity-cucumber6\2.4.34\serenity-cucumber6-2.4.34.jar;C:\Users\Usuario\.m2\repository\io\cucumber\cucumber-junit\6.10.4\cucumber-junit-6.10.4.jar;C:\Users\Usuario\.m2\repository\io\cucumber\datatable-matchers\3.4.0\datatable-matchers-3.4.0.jar;C:\Users\Usuario\.m2\repository\io\cucumber\datatable\3.4.0\datatable-3.4.0.jar;C:\Users\Usuario\.m2\repository\commons-logging\commons-logging\1.2\commons-logging-1.2.jar;C:\Users\Usuario\.m2\repository\org\apache\commons\commons-csv\1.5\commons-csv-1.5.jar;C:\Users\Usuario\.m2\repository\io\cucumber\cucumber-java\6.10.4\cucumber-java-6.10.4.jar;C:\Users\Usuario\.m2\repository\io\cucumber\cucumber-core\6.10.4\cucumber-core-6.10.4.jar;C:\Users\Usuario\.m2\repository\io\cucumber\cucumber-gherkin\6.10.4\cucumber-gherkin-6.10.4.jar;C:\Users\Usuario\.m2\repository\io\cucumber\cucumber-gherkin-messages\6.10.4\cucumber-gherkin-messages-6.10.4.jar;C:\Users\Usuario\.m2\repository\io\cucumber\messages\15.0.0\messages-15.0.0.jar;C:\Users\Usuario\.m2\repository\io\cucumber\tag-expressions\3.0.1\tag-expressions-3.0.1.jar;C:\Users\Usuario\.m2\repository\io\cucumber\cucumber-expressions\10.3.0\cucumber-expressions-10.3.0.jar;C:\Users\Usuario\.m2\repository\io\cucumber\cucumber-plugin\6.10.4\cucumber-plugin-6.10.4.jar;C:\Users\Usuario\.m2\repository\io\cucumber\docstring\6.10.4\docstring-6.10.4.jar;C:\Users\Usuario\.m2\repository\io\cucumber\html-formatter\13.0.0\html-formatter-13.0.0.jar;C:\Users\Usuario\.m2\repository\io\cucumber\create-meta\4.0.0\create-meta-4.0.0.jar;C:\Users\Usuario\.m2\repository\org\apiguardian\apiguardian-api\1.1.1\apiguardian-api-1.1.1.jar;C:\Users\Usuario\.m2\repository\junit\junit\4.13.1\junit-4.13.1.jar;C:\Users\Usuario\.m2\repository\org\hamcrest\hamcrest-core\1.3\hamcrest-core-1.3.jar;C:\Users\Usuario\.m2\repository\org\assertj\assertj-core\3.19.0\assertj-core-3.19.0.jar;C:\Users\Usuario\.m2\repository\org\hamcrest\hamcrest-all\1.3\hamcrest-all-1.3.jar;C:\Users\Usuario\.m2\repository\org\apache\ant\ant\1.10.9\ant-1.10.9.jar;C:\Users\Usuario\.m2\repository\org\apache\ant\ant-launcher\1.10.9\ant-launcher-1.10.9.jar;"/>
    <property name="java.vm.vendor" value="Oracle Corporation"/>
    <property name="sun.arch.data.model" value="64"/>
    <property name="user.variant" value=""/>
    <property name="java.vendor.url" value="https://java.oracle.com/"/>
    <property name="user.timezone" value="America/Lima"/>
    <property name="os.name" value="Windows 10"/>
    <property name="java.vm.specification.version" value="16"/>
    <property name="sun.java.launcher" value="SUN_STANDARD"/>
    <property name="user.country" value="PE"/>
    <property name="sun.boot.library.path" value="C:\Program Files\Java\jdk-16.0.2\bin"/>
    <property name="sun.java.command" value="org.apache.maven.surefire.booter.ForkedBooter C:\Users\Usuario\AppData\Local\Temp\surefire13439290777178448181 2021-09-07T10-16-14_098-jvmRun1 surefire11955487736902306120tmp surefire_015374404819688634126tmp"/>
    <property name="jdk.debug" value="release"/>
    <property name="surefire.test.class.path" value="C:\Users\Usuario\Desktop\AUTOMATIZACIONES\automation-cuponero-v2\target\test-classes;C:\Users\Usuario\.m2\repository\org\projectlombok\lombok\1.18.20\lombok-1.18.20.jar;C:\Users\Usuario\.m2\repository\com\browserstack\browserstack-local-java\1.0.6\browserstack-local-java-1.0.6.jar;C:\Users\Usuario\.m2\repository\org\json\json\20160212\json-20160212.jar;C:\Users\Usuario\.m2\repository\commons-io\commons-io\2.8.0\commons-io-2.8.0.jar;C:\Users\Usuario\.m2\repository\ch\qos\logback\logback-classic\1.0.13\logback-classic-1.0.13.jar;C:\Users\Usuario\.m2\repository\ch\qos\logback\logback-core\1.0.13\logback-core-1.0.13.jar;C:\Users\Usuario\.m2\repository\org\slf4j\slf4j-api\1.7.5\slf4j-api-1.7.5.jar;C:\Users\Usuario\.m2\repository\net\serenity-bdd\serenity-core\2.4.34\serenity-core-2.4.34.jar;C:\Users\Usuario\.m2\repository\net\serenity-bdd\serenity-model\2.4.34\serenity-model-2.4.34.jar;C:\Users\Usuario\.m2\repository\org\apache\commons\commons-text\1.9\commons-text-1.9.jar;C:\Users\Usuario\.m2\repository\commons-net\commons-net\3.6\commons-net-3.6.jar;C:\Users\Usuario\.m2\repository\com\google\guava\guava\30.1-jre\guava-30.1-jre.jar;C:\Users\Usuario\.m2\repository\com\google\guava\failureaccess\1.0.1\failureaccess-1.0.1.jar;C:\Users\Usuario\.m2\repository\com\google\guava\listenablefuture\9999.0-empty-to-avoid-conflict-with-guava\listenablefuture-9999.0-empty-to-avoid-conflict-with-guava.jar;C:\Users\Usuario\.m2\repository\com\google\code\findbugs\jsr305\3.0.2\jsr305-3.0.2.jar;C:\Users\Usuario\.m2\repository\org\checkerframework\checker-qual\3.5.0\checker-qual-3.5.0.jar;C:\Users\Usuario\.m2\repository\com\google\errorprone\error_prone_annotations\2.3.4\error_prone_annotations-2.3.4.jar;C:\Users\Usuario\.m2\repository\com\google\j2objc\j2objc-annotations\1.3\j2objc-annotations-1.3.jar;C:\Users\Usuario\.m2\repository\com\google\inject\guice\5.0.1\guice-5.0.1.jar;C:\Users\Usuario\.m2\repository\javax\inject\javax.inject\1\javax.inject-1.jar;C:\Users\Usuario\.m2\repository\aopalliance\aopalliance\1.0\aopalliance-1.0.jar;C:\Users\Usuario\.m2\repository\org\jsoup\jsoup\1.13.1\jsoup-1.13.1.jar;C:\Users\Usuario\.m2\repository\com\thoughtworks\xstream\xstream\1.4.17\xstream-1.4.17.jar;C:\Users\Usuario\.m2\repository\io\github\x-stream\mxparser\1.2.1\mxparser-1.2.1.jar;C:\Users\Usuario\.m2\repository\xmlpull\xmlpull\1.1.3.1\xmlpull-1.1.3.1.jar;C:\Users\Usuario\.m2\repository\com\typesafe\config\1.3.1\config-1.3.1.jar;C:\Users\Usuario\.m2\repository\org\imgscalr\imgscalr-lib\4.2\imgscalr-lib-4.2.jar;C:\Users\Usuario\.m2\repository\org\awaitility\awaitility\4.0.3\awaitility-4.0.3.jar;C:\Users\Usuario\.m2\repository\org\freemarker\freemarker\2.3.29\freemarker-2.3.29.jar;C:\Users\Usuario\.m2\repository\net\sourceforge\jexcelapi\jxl\2.6.12\jxl-2.6.12.jar;C:\Users\Usuario\.m2\repository\org\asciidoctor\asciidoctorj\1.5.6\asciidoctorj-1.5.6.jar;C:\Users\Usuario\.m2\repository\org\jruby\jruby-complete\1.7.26\jruby-complete-1.7.26.jar;C:\Users\Usuario\.m2\repository\net\bytebuddy\byte-buddy\1.11.1\byte-buddy-1.11.1.jar;C:\Users\Usuario\.m2\repository\net\bytebuddy\byte-buddy-agent\1.11.1\byte-buddy-agent-1.11.1.jar;C:\Users\Usuario\.m2\repository\org\objenesis\objenesis\3.1\objenesis-3.1.jar;C:\Users\Usuario\.m2\repository\net\serenity-bdd\serenity-reports\2.4.34\serenity-reports-2.4.34.jar;C:\Users\Usuario\.m2\repository\net\serenity-bdd\serenity-stats\2.4.34\serenity-stats-2.4.34.jar;C:\Users\Usuario\.m2\repository\net\serenity-bdd\serenity-reports-configuration\2.4.34\serenity-reports-configuration-2.4.34.jar;C:\Users\Usuario\.m2\repository\com\vladsch\flexmark\flexmark-all\0.34.30\flexmark-all-0.34.30.jar;C:\Users\Usuario\.m2\repository\com\vladsch\flexmark\flexmark\0.34.30\flexmark-0.34.30.jar;C:\Users\Usuario\.m2\repository\com\vladsch\flexmark\flexmark-ext-abbreviation\0.34.30\flexmark-ext-abbreviation-0.34.30.jar;C:\Users\Usuario\.m2\repository\com\vladsch\flexmark\flexmark-ext-admonition\0.34.30\flexmark-ext-admonition-0.34.30.jar;C:\Users\Usuario\.m2\repository\com\vladsch\flexmark\flexmark-ext-anchorlink\0.34.30\flexmark-ext-anchorlink-0.34.30.jar;C:\Users\Usuario\.m2\repository\com\vladsch\flexmark\flexmark-ext-aside\0.34.30\flexmark-ext-aside-0.34.30.jar;C:\Users\Usuario\.m2\repository\com\vladsch\flexmark\flexmark-ext-attributes\0.34.30\flexmark-ext-attributes-0.34.30.jar;C:\Users\Usuario\.m2\repository\com\vladsch\flexmark\flexmark-ext-autolink\0.34.30\flexmark-ext-autolink-0.34.30.jar;C:\Users\Usuario\.m2\repository\org\nibor\autolink\autolink\0.6.0\autolink-0.6.0.jar;C:\Users\Usuario\.m2\repository\com\vladsch\flexmark\flexmark-ext-definition\0.34.30\flexmark-ext-definition-0.34.30.jar;C:\Users\Usuario\.m2\repository\com\vladsch\flexmark\flexmark-ext-emoji\0.34.30\flexmark-ext-emoji-0.34.30.jar;C:\Users\Usuario\.m2\repository\com\vladsch\flexmark\flexmark-ext-enumerated-reference\0.34.30\flexmark-ext-enumerated-reference-0.34.30.jar;C:\Users\Usuario\.m2\repository\com\vladsch\flexmark\flexmark-ext-escaped-character\0.34.30\flexmark-ext-escaped-character-0.34.30.jar;C:\Users\Usuario\.m2\repository\com\vladsch\flexmark\flexmark-ext-footnotes\0.34.30\flexmark-ext-footnotes-0.34.30.jar;C:\Users\Usuario\.m2\repository\com\vladsch\flexmark\flexmark-ext-gfm-issues\0.34.30\flexmark-ext-gfm-issues-0.34.30.jar;C:\Users\Usuario\.m2\repository\com\vladsch\flexmark\flexmark-ext-gfm-strikethrough\0.34.30\flexmark-ext-gfm-strikethrough-0.34.30.jar;C:\Users\Usuario\.m2\repository\com\vladsch\flexmark\flexmark-ext-gfm-tables\0.34.30\flexmark-ext-gfm-tables-0.34.30.jar;C:\Users\Usuario\.m2\repository\com\vladsch\flexmark\flexmark-ext-gfm-tasklist\0.34.30\flexmark-ext-gfm-tasklist-0.34.30.jar;C:\Users\Usuario\.m2\repository\com\vladsch\flexmark\flexmark-ext-gfm-users\0.34.30\flexmark-ext-gfm-users-0.34.30.jar;C:\Users\Usuario\.m2\repository\com\vladsch\flexmark\flexmark-ext-gitlab\0.34.30\flexmark-ext-gitlab-0.34.30.jar;C:\Users\Usuario\.m2\repository\com\vladsch\flexmark\flexmark-ext-jekyll-front-matter\0.34.30\flexmark-ext-jekyll-front-matter-0.34.30.jar;C:\Users\Usuario\.m2\repository\com\vladsch\flexmark\flexmark-ext-jekyll-tag\0.34.30\flexmark-ext-jekyll-tag-0.34.30.jar;C:\Users\Usuario\.m2\repository\com\vladsch\flexmark\flexmark-ext-media-tags\0.34.30\flexmark-ext-media-tags-0.34.30.jar;C:\Users\Usuario\.m2\repository\com\vladsch\flexmark\flexmark-test-util\0.34.30\flexmark-test-util-0.34.30.jar;C:\Users\Usuario\.m2\repository\com\vladsch\flexmark\flexmark-ext-ins\0.34.30\flexmark-ext-ins-0.34.30.jar;C:\Users\Usuario\.m2\repository\com\vladsch\flexmark\flexmark-ext-xwiki-macros\0.34.30\flexmark-ext-xwiki-macros-0.34.30.jar;C:\Users\Usuario\.m2\repository\com\vladsch\flexmark\flexmark-ext-superscript\0.34.30\flexmark-ext-superscript-0.34.30.jar;C:\Users\Usuario\.m2\repository\com\vladsch\flexmark\flexmark-ext-tables\0.34.30\flexmark-ext-tables-0.34.30.jar;C:\Users\Usuario\.m2\repository\com\vladsch\flexmark\flexmark-ext-toc\0.34.30\flexmark-ext-toc-0.34.30.jar;C:\Users\Usuario\.m2\repository\com\vladsch\flexmark\flexmark-ext-typographic\0.34.30\flexmark-ext-typographic-0.34.30.jar;C:\Users\Usuario\.m2\repository\com\vladsch\flexmark\flexmark-ext-wikilink\0.34.30\flexmark-ext-wikilink-0.34.30.jar;C:\Users\Usuario\.m2\repository\com\vladsch\flexmark\flexmark-ext-yaml-front-matter\0.34.30\flexmark-ext-yaml-front-matter-0.34.30.jar;C:\Users\Usuario\.m2\repository\com\vladsch\flexmark\flexmark-ext-youtube-embedded\0.34.30\flexmark-ext-youtube-embedded-0.34.30.jar;C:\Users\Usuario\.m2\repository\com\vladsch\flexmark\flexmark-formatter\0.34.30\flexmark-formatter-0.34.30.jar;C:\Users\Usuario\.m2\repository\com\vladsch\flexmark\flexmark-html-parser\0.34.30\flexmark-html-parser-0.34.30.jar;C:\Users\Usuario\.m2\repository\com\vladsch\flexmark\flexmark-jira-converter\0.34.30\flexmark-jira-converter-0.34.30.jar;C:\Users\Usuario\.m2\repository\com\vladsch\flexmark\flexmark-pdf-converter\0.34.30\flexmark-pdf-converter-0.34.30.jar;C:\Users\Usuario\.m2\repository\com\openhtmltopdf\openhtmltopdf-core\0.0.1-RC13\openhtmltopdf-core-0.0.1-RC13.jar;C:\Users\Usuario\.m2\repository\com\openhtmltopdf\openhtmltopdf-pdfbox\0.0.1-RC13\openhtmltopdf-pdfbox-0.0.1-RC13.jar;C:\Users\Usuario\.m2\repository\org\apache\pdfbox\pdfbox\2.0.8\pdfbox-2.0.8.jar;C:\Users\Usuario\.m2\repository\org\apache\pdfbox\fontbox\2.0.8\fontbox-2.0.8.jar;C:\Users\Usuario\.m2\repository\org\apache\pdfbox\xmpbox\2.0.8\xmpbox-2.0.8.jar;C:\Users\Usuario\.m2\repository\de\rototor\pdfbox\graphics2d\0.12\graphics2d-0.12.jar;C:\Users\Usuario\.m2\repository\com\openhtmltopdf\openhtmltopdf-rtl-support\0.0.1-RC13\openhtmltopdf-rtl-support-0.0.1-RC13.jar;C:\Users\Usuario\.m2\repository\com\ibm\icu\icu4j\59.1\icu4j-59.1.jar;C:\Users\Usuario\.m2\repository\com\openhtmltopdf\openhtmltopdf-jsoup-dom-converter\0.0.1-RC13\openhtmltopdf-jsoup-dom-converter-0.0.1-RC13.jar;C:\Users\Usuario\.m2\repository\com\vladsch\flexmark\flexmark-profile-pegdown\0.34.30\flexmark-profile-pegdown-0.34.30.jar;C:\Users\Usuario\.m2\repository\com\vladsch\flexmark\flexmark-util\0.34.30\flexmark-util-0.34.30.jar;C:\Users\Usuario\.m2\repository\com\vladsch\flexmark\flexmark-youtrack-converter\0.34.30\flexmark-youtrack-converter-0.34.30.jar;C:\Users\Usuario\.m2\repository\es\nitaur\markdown\txtmark\0.16\txtmark-0.16.jar;C:\Users\Usuario\.m2\repository\net\serenity-bdd\serenity-report-resources\2.4.34\serenity-report-resources-2.4.34.jar;C:\Users\Usuario\.m2\repository\com\google\code\gson\gson\2.8.6\gson-2.8.6.jar;C:\Users\Usuario\.m2\repository\commons-codec\commons-codec\1.15\commons-codec-1.15.jar;C:\Users\Usuario\.m2\repository\org\seleniumhq\selenium\selenium-server\3.141.59\selenium-server-3.141.59.jar;C:\Users\Usuario\.m2\repository\org\seleniumhq\selenium\selenium-opera-driver\3.141.59\selenium-opera-driver-3.141.59.jar;C:\Users\Usuario\.m2\repository\org\seleniumhq\selenium\selenium-remote-driver\3.141.59\selenium-remote-driver-3.141.59.jar;C:\Users\Usuario\.m2\repository\org\seleniumhq\selenium\selenium-safari-driver\3.141.59\selenium-safari-driver-3.141.59.jar;C:\Users\Usuario\.m2\repository\com\beust\jcommander\1.72\jcommander-1.72.jar;C:\Users\Usuario\.m2\repository\org\apache\commons\commons-exec\1.3\commons-exec-1.3.jar;C:\Users\Usuario\.m2\repository\net\jcip\jcip-annotations\1.0\jcip-annotations-1.0.jar;C:\Users\Usuario\.m2\repository\org\seleniumhq\selenium\jetty-repacked\9.4.12.v20180830\jetty-repacked-9.4.12.v20180830.jar;C:\Users\Usuario\.m2\repository\com\squareup\okhttp3\okhttp\3.11.0\okhttp-3.11.0.jar;C:\Users\Usuario\.m2\repository\com\squareup\okio\okio\1.14.0\okio-1.14.0.jar;C:\Users\Usuario\.m2\repository\javax\servlet\javax.servlet-api\3.1.0\javax.servlet-api-3.1.0.jar;C:\Users\Usuario\.m2\repository\org\yaml\snakeyaml\1.19\snakeyaml-1.19.jar;C:\Users\Usuario\.m2\repository\org\seleniumhq\selenium\selenium-java\3.141.59\selenium-java-3.141.59.jar;C:\Users\Usuario\.m2\repository\org\seleniumhq\selenium\selenium-api\3.141.59\selenium-api-3.141.59.jar;C:\Users\Usuario\.m2\repository\org\seleniumhq\selenium\selenium-support\3.141.59\selenium-support-3.141.59.jar;C:\Users\Usuario\.m2\repository\org\seleniumhq\selenium\selenium-chrome-driver\3.141.59\selenium-chrome-driver-3.141.59.jar;C:\Users\Usuario\.m2\repository\org\seleniumhq\selenium\selenium-firefox-driver\3.141.59\selenium-firefox-driver-3.141.59.jar;C:\Users\Usuario\.m2\repository\org\seleniumhq\selenium\selenium-edge-driver\3.141.59\selenium-edge-driver-3.141.59.jar;C:\Users\Usuario\.m2\repository\org\seleniumhq\selenium\selenium-ie-driver\3.141.59\selenium-ie-driver-3.141.59.jar;C:\Users\Usuario\.m2\repository\net\sourceforge\htmlunit\htmlunit\2.47.1\htmlunit-2.47.1.jar;C:\Users\Usuario\.m2\repository\xalan\xalan\2.7.2\xalan-2.7.2.jar;C:\Users\Usuario\.m2\repository\xalan\serializer\2.7.2\serializer-2.7.2.jar;C:\Users\Usuario\.m2\repository\org\apache\httpcomponents\httpmime\4.5.13\httpmime-4.5.13.jar;C:\Users\Usuario\.m2\repository\org\apache\httpcomponents\httpclient\4.5.13\httpclient-4.5.13.jar;C:\Users\Usuario\.m2\repository\org\apache\httpcomponents\httpcore\4.4.13\httpcore-4.4.13.jar;C:\Users\Usuario\.m2\repository\net\sourceforge\htmlunit\htmlunit-core-js\2.47.0\htmlunit-core-js-2.47.0.jar;C:\Users\Usuario\.m2\repository\net\sourceforge\htmlunit\neko-htmlunit\2.47.1\neko-htmlunit-2.47.1.jar;C:\Users\Usuario\.m2\repository\xerces\xercesImpl\2.12.0\xercesImpl-2.12.0.jar;C:\Users\Usuario\.m2\repository\xml-apis\xml-apis\1.4.01\xml-apis-1.4.01.jar;C:\Users\Usuario\.m2\repository\net\sourceforge\htmlunit\htmlunit-cssparser\1.7.0\htmlunit-cssparser-1.7.0.jar;C:\Users\Usuario\.m2\repository\org\brotli\dec\0.1.2\dec-0.1.2.jar;C:\Users\Usuario\.m2\repository\com\shapesecurity\salvation2\3.0.0\salvation2-3.0.0.jar;C:\Users\Usuario\.m2\repository\org\eclipse\jetty\websocket\websocket-client\9.4.36.v20210114\websocket-client-9.4.36.v20210114.jar;C:\Users\Usuario\.m2\repository\org\eclipse\jetty\jetty-client\9.4.36.v20210114\jetty-client-9.4.36.v20210114.jar;C:\Users\Usuario\.m2\repository\org\eclipse\jetty\jetty-http\9.4.36.v20210114\jetty-http-9.4.36.v20210114.jar;C:\Users\Usuario\.m2\repository\org\eclipse\jetty\jetty-util\9.4.36.v20210114\jetty-util-9.4.36.v20210114.jar;C:\Users\Usuario\.m2\repository\org\eclipse\jetty\jetty-io\9.4.36.v20210114\jetty-io-9.4.36.v20210114.jar;C:\Users\Usuario\.m2\repository\org\eclipse\jetty\websocket\websocket-common\9.4.36.v20210114\websocket-common-9.4.36.v20210114.jar;C:\Users\Usuario\.m2\repository\org\eclipse\jetty\websocket\websocket-api\9.4.36.v20210114\websocket-api-9.4.36.v20210114.jar;C:\Users\Usuario\.m2\repository\org\seleniumhq\selenium\htmlunit-driver\2.47.1\htmlunit-driver-2.47.1.jar;C:\Users\Usuario\.m2\repository\com\codeborne\phantomjsdriver\1.4.4\phantomjsdriver-1.4.4.jar;C:\Users\Usuario\.m2\repository\io\appium\java-client\7.5.1\java-client-7.5.1.jar;C:\Users\Usuario\.m2\repository\commons-validator\commons-validator\1.7\commons-validator-1.7.jar;C:\Users\Usuario\.m2\repository\commons-digester\commons-digester\2.1\commons-digester-2.1.jar;C:\Users\Usuario\.m2\repository\org\aspectj\aspectjweaver\1.9.6\aspectjweaver-1.9.6.jar;C:\Users\Usuario\.m2\repository\org\codehaus\groovy\groovy\3.0.8\groovy-3.0.8.jar;C:\Users\Usuario\.m2\repository\net\sf\opencsv\opencsv\2.0\opencsv-2.0.jar;C:\Users\Usuario\.m2\repository\commons-beanutils\commons-beanutils\1.9.4\commons-beanutils-1.9.4.jar;C:\Users\Usuario\.m2\repository\org\apache\commons\commons-lang3\3.11\commons-lang3-3.11.jar;C:\Users\Usuario\.m2\repository\commons-collections\commons-collections\3.2.2\commons-collections-3.2.2.jar;C:\Users\Usuario\.m2\repository\org\fluentlenium\fluentlenium-core\0.10.2\fluentlenium-core-0.10.2.jar;C:\Users\Usuario\.m2\repository\io\github\bonigarcia\webdrivermanager\4.4.1\webdrivermanager-4.4.1.jar;C:\Users\Usuario\.m2\repository\org\apache\httpcomponents\client5\httpclient5\5.0.3\httpclient5-5.0.3.jar;C:\Users\Usuario\.m2\repository\org\apache\httpcomponents\core5\httpcore5\5.0.2\httpcore5-5.0.2.jar;C:\Users\Usuario\.m2\repository\org\apache\httpcomponents\core5\httpcore5-h2\5.0.2\httpcore5-h2-5.0.2.jar;C:\Users\Usuario\.m2\repository\org\rauschig\jarchivelib\1.1.0\jarchivelib-1.1.0.jar;C:\Users\Usuario\.m2\repository\org\apache\commons\commons-compress\1.20\commons-compress-1.20.jar;C:\Users\Usuario\.m2\repository\com\jhlabs\filters\2.0.235\filters-2.0.235.jar;C:\Users\Usuario\.m2\repository\com\assertthat\selenium-shutterbug\1.4\selenium-shutterbug-1.4.jar;C:\Users\Usuario\.m2\repository\com\github\zafarkhaja\java-semver\0.9.0\java-semver-0.9.0.jar;C:\Users\Usuario\.m2\repository\ru\yandex\qatools\ashot\ashot\1.5.4\ashot-1.5.4.jar;C:\Users\Usuario\.m2\repository\com\paulhammant\ngwebdriver\1.1.5\ngwebdriver-1.1.5.jar;C:\Users\Usuario\.m2\repository\joda-time\joda-time\2.8.2\joda-time-2.8.2.jar;C:\Users\Usuario\.m2\repository\org\hamcrest\hamcrest\2.2\hamcrest-2.2.jar;C:\Users\Usuario\.m2\repository\com\google\jimfs\jimfs\1.1\jimfs-1.1.jar;C:\Users\Usuario\.m2\repository\org\mockito\mockito-core\3.3.3\mockito-core-3.3.3.jar;C:\Users\Usuario\.m2\repository\javax\xml\bind\jaxb-api\2.3.1\jaxb-api-2.3.1.jar;C:\Users\Usuario\.m2\repository\javax\activation\javax.activation-api\1.2.0\javax.activation-api-1.2.0.jar;C:\Users\Usuario\.m2\repository\com\sun\xml\bind\jaxb-core\2.3.0.1\jaxb-core-2.3.0.1.jar;C:\Users\Usuario\.m2\repository\com\sun\xml\bind\jaxb-impl\2.3.3\jaxb-impl-2.3.3.jar;C:\Users\Usuario\.m2\repository\jakarta\xml\bind\jakarta.xml.bind-api\2.3.3\jakarta.xml.bind-api-2.3.3.jar;C:\Users\Usuario\.m2\repository\com\sun\activation\jakarta.activation\1.2.2\jakarta.activation-1.2.2.jar;C:\Users\Usuario\.m2\repository\javax\activation\activation\1.1.1\activation-1.1.1.jar;C:\Users\Usuario\.m2\repository\net\serenity-bdd\serenity-junit\2.4.34\serenity-junit-2.4.34.jar;C:\Users\Usuario\.m2\repository\net\serenity-bdd\serenity-screenplay\2.4.34\serenity-screenplay-2.4.34.jar;C:\Users\Usuario\.m2\repository\net\serenity-bdd\serenity-screenplay-webdriver\2.4.34\serenity-screenplay-webdriver-2.4.34.jar;C:\Users\Usuario\.m2\repository\net\serenity-bdd\serenity-screenplay-rest\2.4.34\serenity-screenplay-rest-2.4.34.jar;C:\Users\Usuario\.m2\repository\net\serenity-bdd\serenity-rest-assured\2.4.34\serenity-rest-assured-2.4.34.jar;C:\Users\Usuario\.m2\repository\io\rest-assured\rest-assured\4.3.3\rest-assured-4.3.3.jar;C:\Users\Usuario\.m2\repository\org\ccil\cowan\tagsoup\tagsoup\1.2.1\tagsoup-1.2.1.jar;C:\Users\Usuario\.m2\repository\io\rest-assured\json-path\4.3.3\json-path-4.3.3.jar;C:\Users\Usuario\.m2\repository\io\rest-assured\rest-assured-common\4.3.3\rest-assured-common-4.3.3.jar;C:\Users\Usuario\.m2\repository\io\rest-assured\xml-path\4.3.3\xml-path-4.3.3.jar;C:\Users\Usuario\.m2\repository\org\codehaus\groovy\groovy-json\3.0.8\groovy-json-3.0.8.jar;C:\Users\Usuario\.m2\repository\org\codehaus\groovy\groovy-xml\3.0.8\groovy-xml-3.0.8.jar;C:\Users\Usuario\.m2\repository\org\opentest4j\opentest4j\1.2.0\opentest4j-1.2.0.jar;C:\Users\Usuario\.m2\repository\net\serenity-bdd\serenity-ensure\2.4.34\serenity-ensure-2.4.34.jar;C:\Users\Usuario\.m2\repository\org\jetbrains\kotlin\kotlin-stdlib\1.5.0\kotlin-stdlib-1.5.0.jar;C:\Users\Usuario\.m2\repository\org\jetbrains\annotations\13.0\annotations-13.0.jar;C:\Users\Usuario\.m2\repository\org\jetbrains\kotlin\kotlin-stdlib-common\1.5.0\kotlin-stdlib-common-1.5.0.jar;C:\Users\Usuario\.m2\repository\net\serenity-bdd\serenity-cucumber6\2.4.34\serenity-cucumber6-2.4.34.jar;C:\Users\Usuario\.m2\repository\io\cucumber\cucumber-junit\6.10.4\cucumber-junit-6.10.4.jar;C:\Users\Usuario\.m2\repository\io\cucumber\datatable-matchers\3.4.0\datatable-matchers-3.4.0.jar;C:\Users\Usuario\.m2\repository\io\cucumber\datatable\3.4.0\datatable-3.4.0.jar;C:\Users\Usuario\.m2\repository\commons-logging\commons-logging\1.2\commons-logging-1.2.jar;C:\Users\Usuario\.m2\repository\org\apache\commons\commons-csv\1.5\commons-csv-1.5.jar;C:\Users\Usuario\.m2\repository\io\cucumber\cucumber-java\6.10.4\cucumber-java-6.10.4.jar;C:\Users\Usuario\.m2\repository\io\cucumber\cucumber-core\6.10.4\cucumber-core-6.10.4.jar;C:\Users\Usuario\.m2\repository\io\cucumber\cucumber-gherkin\6.10.4\cucumber-gherkin-6.10.4.jar;C:\Users\Usuario\.m2\repository\io\cucumber\cucumber-gherkin-messages\6.10.4\cucumber-gherkin-messages-6.10.4.jar;C:\Users\Usuario\.m2\repository\io\cucumber\messages\15.0.0\messages-15.0.0.jar;C:\Users\Usuario\.m2\repository\io\cucumber\tag-expressions\3.0.1\tag-expressions-3.0.1.jar;C:\Users\Usuario\.m2\repository\io\cucumber\cucumber-expressions\10.3.0\cucumber-expressions-10.3.0.jar;C:\Users\Usuario\.m2\repository\io\cucumber\cucumber-plugin\6.10.4\cucumber-plugin-6.10.4.jar;C:\Users\Usuario\.m2\repository\io\cucumber\docstring\6.10.4\docstring-6.10.4.jar;C:\Users\Usuario\.m2\repository\io\cucumber\html-formatter\13.0.0\html-formatter-13.0.0.jar;C:\Users\Usuario\.m2\repository\io\cucumber\create-meta\4.0.0\create-meta-4.0.0.jar;C:\Users\Usuario\.m2\repository\org\apiguardian\apiguardian-api\1.1.1\apiguardian-api-1.1.1.jar;C:\Users\Usuario\.m2\repository\junit\junit\4.13.1\junit-4.13.1.jar;C:\Users\Usuario\.m2\repository\org\hamcrest\hamcrest-core\1.3\hamcrest-core-1.3.jar;C:\Users\Usuario\.m2\repository\org\assertj\assertj-core\3.19.0\assertj-core-3.19.0.jar;C:\Users\Usuario\.m2\repository\org\hamcrest\hamcrest-all\1.3\hamcrest-all-1.3.jar;C:\Users\Usuario\.m2\repository\org\apache\ant\ant\1.10.9\ant-1.10.9.jar;C:\Users\Usuario\.m2\repository\org\apache\ant\ant-launcher\1.10.9\ant-launcher-1.10.9.jar;"/>
    <property name="sun.cpu.endian" value="little"/>
    <property name="user.home" value="C:\Users\Usuario"/>
    <property name="user.language" value="es"/>
    <property name="java.specification.vendor" value="Oracle Corporation"/>
    <property name="jdk.module.path" value="C:\Users\Usuario\Desktop\AUTOMATIZACIONES\automation-cuponero-v2\target\serenity-scrennplay-1.0-SNAPSHOT.jar"/>
    <property name="java.version.date" value="2021-07-20"/>
    <property name="java.home" value="C:\Program Files\Java\jdk-16.0.2"/>
    <property name="serenity.take.screenshots" value=""/>
    <property name="file.separator" value="\"/>
    <property name="basedir" value="C:\Users\Usuario\Desktop\AUTOMATIZACIONES\automation-cuponero-v2"/>
    <property name="java.vm.compressedOopsMode" value="Zero based"/>
    <property name="line.separator" value="&#10;"/>
    <property name="java.vm.specification.vendor" value="Oracle Corporation"/>
    <property name="java.specification.name" value="Java Platform API Specification"/>
    <property name="surefire.real.class.path" value="C:\Users\Usuario\.m2\repository\org\apache\maven\surefire\surefire-booter\3.0.0-M5\surefire-booter-3.0.0-M5.jar;C:\Users\Usuario\.m2\repository\org\apache\maven\surefire\surefire-api\3.0.0-M5\surefire-api-3.0.0-M5.jar;C:\Users\Usuario\.m2\repository\org\apache\maven\surefire\surefire-logger-api\3.0.0-M5\surefire-logger-api-3.0.0-M5.jar;C:\Users\Usuario\.m2\repository\org\apache\maven\surefire\surefire-shared-utils\3.0.0-M4\surefire-shared-utils-3.0.0-M4.jar;C:\Users\Usuario\.m2\repository\org\apache\maven\surefire\surefire-extensions-spi\3.0.0-M5\surefire-extensions-spi-3.0.0-M5.jar;C:\Users\Usuario\Desktop\AUTOMATIZACIONES\automation-cuponero-v2\target\test-classes;C:\Users\Usuario\.m2\repository\org\projectlombok\lombok\1.18.20\lombok-1.18.20.jar;C:\Users\Usuario\.m2\repository\com\browserstack\browserstack-local-java\1.0.6\browserstack-local-java-1.0.6.jar;C:\Users\Usuario\.m2\repository\org\json\json\20160212\json-20160212.jar;C:\Users\Usuario\.m2\repository\commons-io\commons-io\2.8.0\commons-io-2.8.0.jar;C:\Users\Usuario\.m2\repository\ch\qos\logback\logback-classic\1.0.13\logback-classic-1.0.13.jar;C:\Users\Usuario\.m2\repository\ch\qos\logback\logback-core\1.0.13\logback-core-1.0.13.jar;C:\Users\Usuario\.m2\repository\org\slf4j\slf4j-api\1.7.5\slf4j-api-1.7.5.jar;C:\Users\Usuario\.m2\repository\net\serenity-bdd\serenity-core\2.4.34\serenity-core-2.4.34.jar;C:\Users\Usuario\.m2\repository\net\serenity-bdd\serenity-model\2.4.34\serenity-model-2.4.34.jar;C:\Users\Usuario\.m2\repository\org\apache\commons\commons-text\1.9\commons-text-1.9.jar;C:\Users\Usuario\.m2\repository\commons-net\commons-net\3.6\commons-net-3.6.jar;C:\Users\Usuario\.m2\repository\com\google\guava\guava\30.1-jre\guava-30.1-jre.jar;C:\Users\Usuario\.m2\repository\com\google\guava\failureaccess\1.0.1\failureaccess-1.0.1.jar;C:\Users\Usuario\.m2\repository\com\google\guava\listenablefuture\9999.0-empty-to-avoid-conflict-with-guava\listenablefuture-9999.0-empty-to-avoid-conflict-with-guava.jar;C:\Users\Usuario\.m2\repository\com\google\code\findbugs\jsr305\3.0.2\jsr305-3.0.2.jar;C:\Users\Usuario\.m2\repository\org\checkerframework\checker-qual\3.5.0\checker-qual-3.5.0.jar;C:\Users\Usuario\.m2\repository\com\google\errorprone\error_prone_annotations\2.3.4\error_prone_annotations-2.3.4.jar;C:\Users\Usuario\.m2\repository\com\google\j2objc\j2objc-annotations\1.3\j2objc-annotations-1.3.jar;C:\Users\Usuario\.m2\repository\com\google\inject\guice\5.0.1\guice-5.0.1.jar;C:\Users\Usuario\.m2\repository\javax\inject\javax.inject\1\javax.inject-1.jar;C:\Users\Usuario\.m2\repository\aopalliance\aopalliance\1.0\aopalliance-1.0.jar;C:\Users\Usuario\.m2\repository\org\jsoup\jsoup\1.13.1\jsoup-1.13.1.jar;C:\Users\Usuario\.m2\repository\com\thoughtworks\xstream\xstream\1.4.17\xstream-1.4.17.jar;C:\Users\Usuario\.m2\repository\io\github\x-stream\mxparser\1.2.1\mxparser-1.2.1.jar;C:\Users\Usuario\.m2\repository\xmlpull\xmlpull\1.1.3.1\xmlpull-1.1.3.1.jar;C:\Users\Usuario\.m2\repository\com\typesafe\config\1.3.1\config-1.3.1.jar;C:\Users\Usuario\.m2\repository\org\imgscalr\imgscalr-lib\4.2\imgscalr-lib-4.2.jar;C:\Users\Usuario\.m2\repository\org\awaitility\awaitility\4.0.3\awaitility-4.0.3.jar;C:\Users\Usuario\.m2\repository\org\freemarker\freemarker\2.3.29\freemarker-2.3.29.jar;C:\Users\Usuario\.m2\repository\net\sourceforge\jexcelapi\jxl\2.6.12\jxl-2.6.12.jar;C:\Users\Usuario\.m2\repository\org\asciidoctor\asciidoctorj\1.5.6\asciidoctorj-1.5.6.jar;C:\Users\Usuario\.m2\repository\org\jruby\jruby-complete\1.7.26\jruby-complete-1.7.26.jar;C:\Users\Usuario\.m2\repository\net\bytebuddy\byte-buddy\1.11.1\byte-buddy-1.11.1.jar;C:\Users\Usuario\.m2\repository\net\bytebuddy\byte-buddy-agent\1.11.1\byte-buddy-agent-1.11.1.jar;C:\Users\Usuario\.m2\repository\org\objenesis\objenesis\3.1\objenesis-3.1.jar;C:\Users\Usuario\.m2\repository\net\serenity-bdd\serenity-reports\2.4.34\serenity-reports-2.4.34.jar;C:\Users\Usuario\.m2\repository\net\serenity-bdd\serenity-stats\2.4.34\serenity-stats-2.4.34.jar;C:\Users\Usuario\.m2\repository\net\serenity-bdd\serenity-reports-configuration\2.4.34\serenity-reports-configuration-2.4.34.jar;C:\Users\Usuario\.m2\repository\com\vladsch\flexmark\flexmark-all\0.34.30\flexmark-all-0.34.30.jar;C:\Users\Usuario\.m2\repository\com\vladsch\flexmark\flexmark\0.34.30\flexmark-0.34.30.jar;C:\Users\Usuario\.m2\repository\com\vladsch\flexmark\flexmark-ext-abbreviation\0.34.30\flexmark-ext-abbreviation-0.34.30.jar;C:\Users\Usuario\.m2\repository\com\vladsch\flexmark\flexmark-ext-admonition\0.34.30\flexmark-ext-admonition-0.34.30.jar;C:\Users\Usuario\.m2\repository\com\vladsch\flexmark\flexmark-ext-anchorlink\0.34.30\flexmark-ext-anchorlink-0.34.30.jar;C:\Users\Usuario\.m2\repository\com\vladsch\flexmark\flexmark-ext-aside\0.34.30\flexmark-ext-aside-0.34.30.jar;C:\Users\Usuario\.m2\repository\com\vladsch\flexmark\flexmark-ext-attributes\0.34.30\flexmark-ext-attributes-0.34.30.jar;C:\Users\Usuario\.m2\repository\com\vladsch\flexmark\flexmark-ext-autolink\0.34.30\flexmark-ext-autolink-0.34.30.jar;C:\Users\Usuario\.m2\repository\org\nibor\autolink\autolink\0.6.0\autolink-0.6.0.jar;C:\Users\Usuario\.m2\repository\com\vladsch\flexmark\flexmark-ext-definition\0.34.30\flexmark-ext-definition-0.34.30.jar;C:\Users\Usuario\.m2\repository\com\vladsch\flexmark\flexmark-ext-emoji\0.34.30\flexmark-ext-emoji-0.34.30.jar;C:\Users\Usuario\.m2\repository\com\vladsch\flexmark\flexmark-ext-enumerated-reference\0.34.30\flexmark-ext-enumerated-reference-0.34.30.jar;C:\Users\Usuario\.m2\repository\com\vladsch\flexmark\flexmark-ext-escaped-character\0.34.30\flexmark-ext-escaped-character-0.34.30.jar;C:\Users\Usuario\.m2\repository\com\vladsch\flexmark\flexmark-ext-footnotes\0.34.30\flexmark-ext-footnotes-0.34.30.jar;C:\Users\Usuario\.m2\repository\com\vladsch\flexmark\flexmark-ext-gfm-issues\0.34.30\flexmark-ext-gfm-issues-0.34.30.jar;C:\Users\Usuario\.m2\repository\com\vladsch\flexmark\flexmark-ext-gfm-strikethrough\0.34.30\flexmark-ext-gfm-strikethrough-0.34.30.jar;C:\Users\Usuario\.m2\repository\com\vladsch\flexmark\flexmark-ext-gfm-tables\0.34.30\flexmark-ext-gfm-tables-0.34.30.jar;C:\Users\Usuario\.m2\repository\com\vladsch\flexmark\flexmark-ext-gfm-tasklist\0.34.30\flexmark-ext-gfm-tasklist-0.34.30.jar;C:\Users\Usuario\.m2\repository\com\vladsch\flexmark\flexmark-ext-gfm-users\0.34.30\flexmark-ext-gfm-users-0.34.30.jar;C:\Users\Usuario\.m2\repository\com\vladsch\flexmark\flexmark-ext-gitlab\0.34.30\flexmark-ext-gitlab-0.34.30.jar;C:\Users\Usuario\.m2\repository\com\vladsch\flexmark\flexmark-ext-jekyll-front-matter\0.34.30\flexmark-ext-jekyll-front-matter-0.34.30.jar;C:\Users\Usuario\.m2\repository\com\vladsch\flexmark\flexmark-ext-jekyll-tag\0.34.30\flexmark-ext-jekyll-tag-0.34.30.jar;C:\Users\Usuario\.m2\repository\com\vladsch\flexmark\flexmark-ext-media-tags\0.34.30\flexmark-ext-media-tags-0.34.30.jar;C:\Users\Usuario\.m2\repository\com\vladsch\flexmark\flexmark-test-util\0.34.30\flexmark-test-util-0.34.30.jar;C:\Users\Usuario\.m2\repository\com\vladsch\flexmark\flexmark-ext-ins\0.34.30\flexmark-ext-ins-0.34.30.jar;C:\Users\Usuario\.m2\repository\com\vladsch\flexmark\flexmark-ext-xwiki-macros\0.34.30\flexmark-ext-xwiki-macros-0.34.30.jar;C:\Users\Usuario\.m2\repository\com\vladsch\flexmark\flexmark-ext-superscript\0.34.30\flexmark-ext-superscript-0.34.30.jar;C:\Users\Usuario\.m2\repository\com\vladsch\flexmark\flexmark-ext-tables\0.34.30\flexmark-ext-tables-0.34.30.jar;C:\Users\Usuario\.m2\repository\com\vladsch\flexmark\flexmark-ext-toc\0.34.30\flexmark-ext-toc-0.34.30.jar;C:\Users\Usuario\.m2\repository\com\vladsch\flexmark\flexmark-ext-typographic\0.34.30\flexmark-ext-typographic-0.34.30.jar;C:\Users\Usuario\.m2\repository\com\vladsch\flexmark\flexmark-ext-wikilink\0.34.30\flexmark-ext-wikilink-0.34.30.jar;C:\Users\Usuario\.m2\repository\com\vladsch\flexmark\flexmark-ext-yaml-front-matter\0.34.30\flexmark-ext-yaml-front-matter-0.34.30.jar;C:\Users\Usuario\.m2\repository\com\vladsch\flexmark\flexmark-ext-youtube-embedded\0.34.30\flexmark-ext-youtube-embedded-0.34.30.jar;C:\Users\Usuario\.m2\repository\com\vladsch\flexmark\flexmark-formatter\0.34.30\flexmark-formatter-0.34.30.jar;C:\Users\Usuario\.m2\repository\com\vladsch\flexmark\flexmark-html-parser\0.34.30\flexmark-html-parser-0.34.30.jar;C:\Users\Usuario\.m2\repository\com\vladsch\flexmark\flexmark-jira-converter\0.34.30\flexmark-jira-converter-0.34.30.jar;C:\Users\Usuario\.m2\repository\com\vladsch\flexmark\flexmark-pdf-converter\0.34.30\flexmark-pdf-converter-0.34.30.jar;C:\Users\Usuario\.m2\repository\com\openhtmltopdf\openhtmltopdf-core\0.0.1-RC13\openhtmltopdf-core-0.0.1-RC13.jar;C:\Users\Usuario\.m2\repository\com\openhtmltopdf\openhtmltopdf-pdfbox\0.0.1-RC13\openhtmltopdf-pdfbox-0.0.1-RC13.jar;C:\Users\Usuario\.m2\repository\org\apache\pdfbox\pdfbox\2.0.8\pdfbox-2.0.8.jar;C:\Users\Usuario\.m2\repository\org\apache\pdfbox\fontbox\2.0.8\fontbox-2.0.8.jar;C:\Users\Usuario\.m2\repository\org\apache\pdfbox\xmpbox\2.0.8\xmpbox-2.0.8.jar;C:\Users\Usuario\.m2\repository\de\rototor\pdfbox\graphics2d\0.12\graphics2d-0.12.jar;C:\Users\Usuario\.m2\repository\com\openhtmltopdf\openhtmltopdf-rtl-support\0.0.1-RC13\openhtmltopdf-rtl-support-0.0.1-RC13.jar;C:\Users\Usuario\.m2\repository\com\ibm\icu\icu4j\59.1\icu4j-59.1.jar;C:\Users\Usuario\.m2\repository\com\openhtmltopdf\openhtmltopdf-jsoup-dom-converter\0.0.1-RC13\openhtmltopdf-jsoup-dom-converter-0.0.1-RC13.jar;C:\Users\Usuario\.m2\repository\com\vladsch\flexmark\flexmark-profile-pegdown\0.34.30\flexmark-profile-pegdown-0.34.30.jar;C:\Users\Usuario\.m2\repository\com\vladsch\flexmark\flexmark-util\0.34.30\flexmark-util-0.34.30.jar;C:\Users\Usuario\.m2\repository\com\vladsch\flexmark\flexmark-youtrack-converter\0.34.30\flexmark-youtrack-converter-0.34.30.jar;C:\Users\Usuario\.m2\repository\es\nitaur\markdown\txtmark\0.16\txtmark-0.16.jar;C:\Users\Usuario\.m2\repository\net\serenity-bdd\serenity-report-resources\2.4.34\serenity-report-resources-2.4.34.jar;C:\Users\Usuario\.m2\repository\com\google\code\gson\gson\2.8.6\gson-2.8.6.jar;C:\Users\Usuario\.m2\repository\commons-codec\commons-codec\1.15\commons-codec-1.15.jar;C:\Users\Usuario\.m2\repository\org\seleniumhq\selenium\selenium-server\3.141.59\selenium-server-3.141.59.jar;C:\Users\Usuario\.m2\repository\org\seleniumhq\selenium\selenium-opera-driver\3.141.59\selenium-opera-driver-3.141.59.jar;C:\Users\Usuario\.m2\repository\org\seleniumhq\selenium\selenium-remote-driver\3.141.59\selenium-remote-driver-3.141.59.jar;C:\Users\Usuario\.m2\repository\org\seleniumhq\selenium\selenium-safari-driver\3.141.59\selenium-safari-driver-3.141.59.jar;C:\Users\Usuario\.m2\repository\com\beust\jcommander\1.72\jcommander-1.72.jar;C:\Users\Usuario\.m2\repository\org\apache\commons\commons-exec\1.3\commons-exec-1.3.jar;C:\Users\Usuario\.m2\repository\net\jcip\jcip-annotations\1.0\jcip-annotations-1.0.jar;C:\Users\Usuario\.m2\repository\org\seleniumhq\selenium\jetty-repacked\9.4.12.v20180830\jetty-repacked-9.4.12.v20180830.jar;C:\Users\Usuario\.m2\repository\com\squareup\okhttp3\okhttp\3.11.0\okhttp-3.11.0.jar;C:\Users\Usuario\.m2\repository\com\squareup\okio\okio\1.14.0\okio-1.14.0.jar;C:\Users\Usuario\.m2\repository\javax\servlet\javax.servlet-api\3.1.0\javax.servlet-api-3.1.0.jar;C:\Users\Usuario\.m2\repository\org\yaml\snakeyaml\1.19\snakeyaml-1.19.jar;C:\Users\Usuario\.m2\repository\org\seleniumhq\selenium\selenium-java\3.141.59\selenium-java-3.141.59.jar;C:\Users\Usuario\.m2\repository\org\seleniumhq\selenium\selenium-api\3.141.59\selenium-api-3.141.59.jar;C:\Users\Usuario\.m2\repository\org\seleniumhq\selenium\selenium-support\3.141.59\selenium-support-3.141.59.jar;C:\Users\Usuario\.m2\repository\org\seleniumhq\selenium\selenium-chrome-driver\3.141.59\selenium-chrome-driver-3.141.59.jar;C:\Users\Usuario\.m2\repository\org\seleniumhq\selenium\selenium-firefox-driver\3.141.59\selenium-firefox-driver-3.141.59.jar;C:\Users\Usuario\.m2\repository\org\seleniumhq\selenium\selenium-edge-driver\3.141.59\selenium-edge-driver-3.141.59.jar;C:\Users\Usuario\.m2\repository\org\seleniumhq\selenium\selenium-ie-driver\3.141.59\selenium-ie-driver-3.141.59.jar;C:\Users\Usuario\.m2\repository\net\sourceforge\htmlunit\htmlunit\2.47.1\htmlunit-2.47.1.jar;C:\Users\Usuario\.m2\repository\xalan\xalan\2.7.2\xalan-2.7.2.jar;C:\Users\Usuario\.m2\repository\xalan\serializer\2.7.2\serializer-2.7.2.jar;C:\Users\Usuario\.m2\repository\org\apache\httpcomponents\httpmime\4.5.13\httpmime-4.5.13.jar;C:\Users\Usuario\.m2\repository\org\apache\httpcomponents\httpclient\4.5.13\httpclient-4.5.13.jar;C:\Users\Usuario\.m2\repository\org\apache\httpcomponents\httpcore\4.4.13\httpcore-4.4.13.jar;C:\Users\Usuario\.m2\repository\net\sourceforge\htmlunit\htmlunit-core-js\2.47.0\htmlunit-core-js-2.47.0.jar;C:\Users\Usuario\.m2\repository\net\sourceforge\htmlunit\neko-htmlunit\2.47.1\neko-htmlunit-2.47.1.jar;C:\Users\Usuario\.m2\repository\xerces\xercesImpl\2.12.0\xercesImpl-2.12.0.jar;C:\Users\Usuario\.m2\repository\xml-apis\xml-apis\1.4.01\xml-apis-1.4.01.jar;C:\Users\Usuario\.m2\repository\net\sourceforge\htmlunit\htmlunit-cssparser\1.7.0\htmlunit-cssparser-1.7.0.jar;C:\Users\Usuario\.m2\repository\org\brotli\dec\0.1.2\dec-0.1.2.jar;C:\Users\Usuario\.m2\repository\com\shapesecurity\salvation2\3.0.0\salvation2-3.0.0.jar;C:\Users\Usuario\.m2\repository\org\eclipse\jetty\websocket\websocket-client\9.4.36.v20210114\websocket-client-9.4.36.v20210114.jar;C:\Users\Usuario\.m2\repository\org\eclipse\jetty\jetty-client\9.4.36.v20210114\jetty-client-9.4.36.v20210114.jar;C:\Users\Usuario\.m2\repository\org\eclipse\jetty\jetty-http\9.4.36.v20210114\jetty-http-9.4.36.v20210114.jar;C:\Users\Usuario\.m2\repository\org\eclipse\jetty\jetty-util\9.4.36.v20210114\jetty-util-9.4.36.v20210114.jar;C:\Users\Usuario\.m2\repository\org\eclipse\jetty\jetty-io\9.4.36.v20210114\jetty-io-9.4.36.v20210114.jar;C:\Users\Usuario\.m2\repository\org\eclipse\jetty\websocket\websocket-common\9.4.36.v20210114\websocket-common-9.4.36.v20210114.jar;C:\Users\Usuario\.m2\repository\org\eclipse\jetty\websocket\websocket-api\9.4.36.v20210114\websocket-api-9.4.36.v20210114.jar;C:\Users\Usuario\.m2\repository\org\seleniumhq\selenium\htmlunit-driver\2.47.1\htmlunit-driver-2.47.1.jar;C:\Users\Usuario\.m2\repository\com\codeborne\phantomjsdriver\1.4.4\phantomjsdriver-1.4.4.jar;C:\Users\Usuario\.m2\repository\io\appium\java-client\7.5.1\java-client-7.5.1.jar;C:\Users\Usuario\.m2\repository\commons-validator\commons-validator\1.7\commons-validator-1.7.jar;C:\Users\Usuario\.m2\repository\commons-digester\commons-digester\2.1\commons-digester-2.1.jar;C:\Users\Usuario\.m2\repository\org\aspectj\aspectjweaver\1.9.6\aspectjweaver-1.9.6.jar;C:\Users\Usuario\.m2\repository\org\codehaus\groovy\groovy\3.0.8\groovy-3.0.8.jar;C:\Users\Usuario\.m2\repository\net\sf\opencsv\opencsv\2.0\opencsv-2.0.jar;C:\Users\Usuario\.m2\repository\commons-beanutils\commons-beanutils\1.9.4\commons-beanutils-1.9.4.jar;C:\Users\Usuario\.m2\repository\org\apache\commons\commons-lang3\3.11\commons-lang3-3.11.jar;C:\Users\Usuario\.m2\repository\commons-collections\commons-collections\3.2.2\commons-collections-3.2.2.jar;C:\Users\Usuario\.m2\repository\org\fluentlenium\fluentlenium-core\0.10.2\fluentlenium-core-0.10.2.jar;C:\Users\Usuario\.m2\repository\io\github\bonigarcia\webdrivermanager\4.4.1\webdrivermanager-4.4.1.jar;C:\Users\Usuario\.m2\repository\org\apache\httpcomponents\client5\httpclient5\5.0.3\httpclient5-5.0.3.jar;C:\Users\Usuario\.m2\repository\org\apache\httpcomponents\core5\httpcore5\5.0.2\httpcore5-5.0.2.jar;C:\Users\Usuario\.m2\repository\org\apache\httpcomponents\core5\httpcore5-h2\5.0.2\httpcore5-h2-5.0.2.jar;C:\Users\Usuario\.m2\repository\org\rauschig\jarchivelib\1.1.0\jarchivelib-1.1.0.jar;C:\Users\Usuario\.m2\repository\org\apache\commons\commons-compress\1.20\commons-compress-1.20.jar;C:\Users\Usuario\.m2\repository\com\jhlabs\filters\2.0.235\filters-2.0.235.jar;C:\Users\Usuario\.m2\repository\com\assertthat\selenium-shutterbug\1.4\selenium-shutterbug-1.4.jar;C:\Users\Usuario\.m2\repository\com\github\zafarkhaja\java-semver\0.9.0\java-semver-0.9.0.jar;C:\Users\Usuario\.m2\repository\ru\yandex\qatools\ashot\ashot\1.5.4\ashot-1.5.4.jar;C:\Users\Usuario\.m2\repository\com\paulhammant\ngwebdriver\1.1.5\ngwebdriver-1.1.5.jar;C:\Users\Usuario\.m2\repository\joda-time\joda-time\2.8.2\joda-time-2.8.2.jar;C:\Users\Usuario\.m2\repository\org\hamcrest\hamcrest\2.2\hamcrest-2.2.jar;C:\Users\Usuario\.m2\repository\com\google\jimfs\jimfs\1.1\jimfs-1.1.jar;C:\Users\Usuario\.m2\repository\org\mockito\mockito-core\3.3.3\mockito-core-3.3.3.jar;C:\Users\Usuario\.m2\repository\javax\xml\bind\jaxb-api\2.3.1\jaxb-api-2.3.1.jar;C:\Users\Usuario\.m2\repository\javax\activation\javax.activation-api\1.2.0\javax.activation-api-1.2.0.jar;C:\Users\Usuario\.m2\repository\com\sun\xml\bind\jaxb-core\2.3.0.1\jaxb-core-2.3.0.1.jar;C:\Users\Usuario\.m2\repository\com\sun\xml\bind\jaxb-impl\2.3.3\jaxb-impl-2.3.3.jar;C:\Users\Usuario\.m2\repository\jakarta\xml\bind\jakarta.xml.bind-api\2.3.3\jakarta.xml.bind-api-2.3.3.jar;C:\Users\Usuario\.m2\repository\com\sun\activation\jakarta.activation\1.2.2\jakarta.activation-1.2.2.jar;C:\Users\Usuario\.m2\repository\javax\activation\activation\1.1.1\activation-1.1.1.jar;C:\Users\Usuario\.m2\repository\net\serenity-bdd\serenity-junit\2.4.34\serenity-junit-2.4.34.jar;C:\Users\Usuario\.m2\repository\net\serenity-bdd\serenity-screenplay\2.4.34\serenity-screenplay-2.4.34.jar;C:\Users\Usuario\.m2\repository\net\serenity-bdd\serenity-screenplay-webdriver\2.4.34\serenity-screenplay-webdriver-2.4.34.jar;C:\Users\Usuario\.m2\repository\net\serenity-bdd\serenity-screenplay-rest\2.4.34\serenity-screenplay-rest-2.4.34.jar;C:\Users\Usuario\.m2\repository\net\serenity-bdd\serenity-rest-assured\2.4.34\serenity-rest-assured-2.4.34.jar;C:\Users\Usuario\.m2\repository\io\rest-assured\rest-assured\4.3.3\rest-assured-4.3.3.jar;C:\Users\Usuario\.m2\repository\org\ccil\cowan\tagsoup\tagsoup\1.2.1\tagsoup-1.2.1.jar;C:\Users\Usuario\.m2\repository\io\rest-assured\json-path\4.3.3\json-path-4.3.3.jar;C:\Users\Usuario\.m2\repository\io\rest-assured\rest-assured-common\4.3.3\rest-assured-common-4.3.3.jar;C:\Users\Usuario\.m2\repository\io\rest-assured\xml-path\4.3.3\xml-path-4.3.3.jar;C:\Users\Usuario\.m2\repository\org\codehaus\groovy\groovy-json\3.0.8\groovy-json-3.0.8.jar;C:\Users\Usuario\.m2\repository\org\codehaus\groovy\groovy-xml\3.0.8\groovy-xml-3.0.8.jar;C:\Users\Usuario\.m2\repository\org\opentest4j\opentest4j\1.2.0\opentest4j-1.2.0.jar;C:\Users\Usuario\.m2\repository\net\serenity-bdd\serenity-ensure\2.4.34\serenity-ensure-2.4.34.jar;C:\Users\Usuario\.m2\repository\org\jetbrains\kotlin\kotlin-stdlib\1.5.0\kotlin-stdlib-1.5.0.jar;C:\Users\Usuario\.m2\repository\org\jetbrains\annotations\13.0\annotations-13.0.jar;C:\Users\Usuario\.m2\repository\org\jetbrains\kotlin\kotlin-stdlib-common\1.5.0\kotlin-stdlib-common-1.5.0.jar;C:\Users\Usuario\.m2\repository\net\serenity-bdd\serenity-cucumber6\2.4.34\serenity-cucumber6-2.4.34.jar;C:\Users\Usuario\.m2\repository\io\cucumber\cucumber-junit\6.10.4\cucumber-junit-6.10.4.jar;C:\Users\Usuario\.m2\repository\io\cucumber\datatable-matchers\3.4.0\datatable-matchers-3.4.0.jar;C:\Users\Usuario\.m2\repository\io\cucumber\datatable\3.4.0\datatable-3.4.0.jar;C:\Users\Usuario\.m2\repository\commons-logging\commons-logging\1.2\commons-logging-1.2.jar;C:\Users\Usuario\.m2\repository\org\apache\commons\commons-csv\1.5\commons-csv-1.5.jar;C:\Users\Usuario\.m2\repository\io\cucumber\cucumber-java\6.10.4\cucumber-java-6.10.4.jar;C:\Users\Usuario\.m2\repository\io\cucumber\cucumber-core\6.10.4\cucumber-core-6.10.4.jar;C:\Users\Usuario\.m2\repository\io\cucumber\cucumber-gherkin\6.10.4\cucumber-gherkin-6.10.4.jar;C:\Users\Usuario\.m2\repository\io\cucumber\cucumber-gherkin-messages\6.10.4\cucumber-gherkin-messages-6.10.4.jar;C:\Users\Usuario\.m2\repository\io\cucumber\messages\15.0.0\messages-15.0.0.jar;C:\Users\Usuario\.m2\repository\io\cucumber\tag-expressions\3.0.1\tag-expressions-3.0.1.jar;C:\Users\Usuario\.m2\repository\io\cucumber\cucumber-expressions\10.3.0\cucumber-expressions-10.3.0.jar;C:\Users\Usuario\.m2\repository\io\cucumber\cucumber-plugin\6.10.4\cucumber-plugin-6.10.4.jar;C:\Users\Usuario\.m2\repository\io\cucumber\docstring\6.10.4\docstring-6.10.4.jar;C:\Users\Usuario\.m2\repository\io\cucumber\html-formatter\13.0.0\html-formatter-13.0.0.jar;C:\Users\Usuario\.m2\repository\io\cucumber\create-meta\4.0.0\create-meta-4.0.0.jar;C:\Users\Usuario\.m2\repository\org\apiguardian\apiguardian-api\1.1.1\apiguardian-api-1.1.1.jar;C:\Users\Usuario\.m2\repository\junit\junit\4.13.1\junit-4.13.1.jar;C:\Users\Usuario\.m2\repository\org\hamcrest\hamcrest-core\1.3\hamcrest-core-1.3.jar;C:\Users\Usuario\.m2\repository\org\assertj\assertj-core\3.19.0\assertj-core-3.19.0.jar;C:\Users\Usuario\.m2\repository\org\hamcrest\hamcrest-all\1.3\hamcrest-all-1.3.jar;C:\Users\Usuario\.m2\repository\org\apache\ant\ant\1.10.9\ant-1.10.9.jar;C:\Users\Usuario\.m2\repository\org\apache\ant\ant-launcher\1.10.9\ant-launcher-1.10.9.jar;C:\Users\Usuario\.m2\repository\org\apache\maven\surefire\surefire-junit47\3.0.0-M5\surefire-junit47-3.0.0-M5.jar;C:\Users\Usuario\.m2\repository\org\apache\maven\surefire\common-java5\3.0.0-M5\common-java5-3.0.0-M5.jar;C:\Users\Usuario\.m2\repository\org\apache\maven\surefire\common-junit3\3.0.0-M5\common-junit3-3.0.0-M5.jar;C:\Users\Usuario\.m2\repository\org\apache\maven\surefire\common-junit4\3.0.0-M5\common-junit4-3.0.0-M5.jar;C:\Users\Usuario\.m2\repository\org\apache\maven\surefire\common-junit48\3.0.0-M5\common-junit48-3.0.0-M5.jar;C:\Users\Usuario\.m2\repository\org\apache\maven\surefire\surefire-grouper\3.0.0-M5\surefire-grouper-3.0.0-M5.jar"/>
    <property name="user.script" value=""/>
    <property name="java.protocol.handler.pkgs" value="com.google.common"/>
    <property name="sun.management.compiler" value="HotSpot 64-Bit Tiered Compilers"/>
    <property name="java.runtime.version" value="16.0.2+7-67"/>
    <property name="user.name" value="Usuario"/>
    <property name="path.separator" value=";"/>
    <property name="os.version" value="10.0"/>
    <property name="java.runtime.name" value="Java(TM) SE Runtime Environment"/>
    <property name="file.encoding" value="Cp1252"/>
    <property name="webdriver.base.url" value=""/>
    <property name="java.vm.name" value="Java HotSpot(TM) 64-Bit Server VM"/>
    <property name="localRepository" value="C:\Users\Usuario\.m2\repository"/>
    <property name="java.vendor.url.bug" value="https://bugreport.java.com/bugreport/"/>
    <property name="java.io.tmpdir" value="C:\Users\Usuario\AppData\Local\Temp\"/>
    <property name="java.version" value="16.0.2"/>
    <property name="user.dir" value="C:\Users\Usuario\Desktop\AUTOMATIZACIONES\automation-cuponero-v2"/>
    <property name="os.arch" value="amd64"/>
    <property name="java.vm.specification.name" value="Java Virtual Machine Specification"/>
    <property name="sun.os.patch.level" value=""/>
    <property name="java.library.path" value="C:\Program Files\Java\jdk-16.0.2\bin;C:\Windows\Sun\Java\bin;C:\Windows\system32;C:\Windows;C:\Program Files\Common Files\Oracle\Java\javapath;C:\Users\Usuario\Downloads\WINDOWS.X64_193000_db_home\bin;C:\Python39\Scripts\;C:\Python39\;C:\Program Files (x86)\Common Files\Oracle\Java\javapath;C:\Windows\system32;C:\Windows;C:\Windows\System32\Wbem;C:\Windows\System32\WindowsPowerShell\v1.0\;C:\Windows\System32\OpenSSH\;C:\Program Files\Git\cmd;C:\Program Files (x86)\NetSarang\Xshell 7\;C:\ProgramData\chocolatey\bin;C:\Program Files\nodejs\;C:\gradle-6.8\bin;C:\maven\apache-maven-3.6.3\bin;C:\Program Files\Java\jdk-16.0.2;C:\maven\apache-maven-3.6.3\bin;C:\Users\Usuario\AppData\Local\Android\Sdk\platform-tools;C:\Users\Usuario\AppData\Local\Android\Sdk\platforms;C:\Users\Usuario\AppData\Local\Android\Sdk\build-tools;%ANDROID_HOME%;C:\Program Files\MySQL\MySQL Shell 8.0\bin\;C:\Users\Usuario\AppData\Local\Programs\Python\Python38-32\Scripts\;C:\Users\Usuario\AppData\Local\Programs\Python\Python38-32\;C:\Users\Usuario\AppData\Local\Microsoft\WindowsApps;C:\Users\Usuario\AppData\Local\Programs\Microsoft VS Code\bin;C:\Users\Usuario\AppData\Roaming\npm;C:\Users\Usuario\AppData\Local\GitHubDesktop\bin;."/>
    <property name="java.vm.info" value="mixed mode"/>
    <property name="java.vendor" value="Oracle Corporation"/>
    <property name="java.vm.version" value="16.0.2+7-67"/>
    <property name="sun.io.unicode.encoding" value="UnicodeLittle"/>
    <property name="java.class.version" value="60.0"/>
  </properties>
  <testcase name="category coupons" classname="category coupons" time="53.772">
    <system-out><![CDATA[10:16:17.462 [main] DEBUG n.t.c.u.PropertiesFileLocalPreferences - LOADING LOCAL PROPERTIES FROM C:\Users\Usuario\Desktop\AUTOMATIZACIONES\automation-cuponero-v2\serenity.properties 

10:16:17.528 [main] DEBUG n.t.c.u.PropertiesFileLocalPreferences - LOADING LOCAL PROPERTIES FROM C:\Users\Usuario\Desktop\AUTOMATIZACIONES\automation-cuponero-v2\serenity.properties 

10:16:17.529 [main] DEBUG n.t.c.u.PropertiesFileLocalPreferences - LOADING LOCAL PROPERTIES FROM C:\Users\Usuario\Desktop\AUTOMATIZACIONES\automation-cuponero-v2\serenity.properties 

10:16:17.539 [main] DEBUG n.t.c.u.PropertiesFileLocalPreferences - serenity.outputDirectory=src/target/site/reports

10:16:17.539 [main] DEBUG n.t.c.u.PropertiesFileLocalPreferences - serenity.test.root="net.serenitybdd.demos.todos.features"

10:16:17.539 [main] DEBUG n.t.c.u.PropertiesFileLocalPreferences - serenity.project.name="My Special Project"

10:16:17.540 [main] DEBUG n.t.c.u.PropertiesFileLocalPreferences - serenity.timeouts.fluentwait=10000

10:16:17.540 [main] DEBUG n.t.c.u.PropertiesFileLocalPreferences - chrome_experimental_options.excludeSwitches=enable-automation

10:16:17.540 [main] DEBUG n.t.c.u.PropertiesFileLocalPreferences - environments.PROD.home.page=https://cupomania-qa05.cindibyinkafarma.com/login

10:16:17.540 [main] DEBUG n.t.c.u.PropertiesFileLocalPreferences - serenity.reports.show.step.details=true

10:16:17.540 [main] DEBUG n.t.c.u.PropertiesFileLocalPreferences - webdriver.autodownload=true

10:16:17.540 [main] DEBUG n.t.c.u.PropertiesFileLocalPreferences - chrome_preferences.password_manager_enabled=false

10:16:17.540 [main] DEBUG n.t.c.u.PropertiesFileLocalPreferences - environments.UAT.home.page=https://cupomania-qa05.cindibyinkafarma.com/login

10:16:17.541 [main] DEBUG n.t.c.u.PropertiesFileLocalPreferences - chrome_preferences.profile.default_content_settings.popups=0

10:16:17.541 [main] DEBUG n.t.c.u.PropertiesFileLocalPreferences - serenity.report.show.manual.tests=true

10:16:17.541 [main] DEBUG n.t.c.u.PropertiesFileLocalPreferences - serenity.wait.for.timeout=10000

10:16:17.541 [main] DEBUG n.t.c.u.PropertiesFileLocalPreferences - environments.UAT.home.page1=https://conveniosci04.cindibyinkafarma.com/

10:16:17.541 [main] DEBUG n.t.c.u.PropertiesFileLocalPreferences - firefox.preferences=browser.download.dir=/tmp;browser.helperApps.alwaysAsk.force=false;browser.download.manager.showWhenStarting=false;browser.download.useDownloadDir=true;browser.download.folderList=2;permissions.default.desktop-notification=1

10:16:17.541 [main] DEBUG n.t.c.u.PropertiesFileLocalPreferences - serenity.browser.width=1920

10:16:17.541 [main] DEBUG n.t.c.u.PropertiesFileLocalPreferences - chrome_preferences.profile.default_content_setting_values.notifications=1

10:16:17.541 [main] DEBUG n.t.c.u.PropertiesFileLocalPreferences - serenity.verbose.screenshots.for.tasks=AFTER_EACH_STEP

10:16:17.542 [main] DEBUG n.t.c.u.PropertiesFileLocalPreferences - serenity.max.retries=2

10:16:17.542 [main] DEBUG n.t.c.u.PropertiesFileLocalPreferences - environments.default.home.page=https://cupomania-qa05.cindibyinkafarma.com/login

10:16:17.542 [main] DEBUG n.t.c.u.PropertiesFileLocalPreferences - serenity.take.screenshots.for.tasks=FOR_EACH_ACTION

10:16:17.542 [main] DEBUG n.t.c.u.PropertiesFileLocalPreferences - chrome_experimental_options.useAutomationExtension=false

10:16:17.542 [main] DEBUG n.t.c.u.PropertiesFileLocalPreferences - chrome.switches=--start-maximized;--test-type;--no-sandbox;--ignore-certificate-errors;--disable-popup-blocking;--disable-default-apps;--disable-extensions-file-access-check;--disable-download-notification;--disable-infobars,--disable-gpu

10:16:17.542 [main] DEBUG n.t.c.u.PropertiesFileLocalPreferences - serenity.console.headings=normal

10:16:17.542 [main] DEBUG n.t.c.u.PropertiesFileLocalPreferences - serenity.console.colors=true

10:16:17.542 [main] DEBUG n.t.c.u.PropertiesFileLocalPreferences - serenity.restart.browser.for.each=NEVER

10:16:17.542 [main] DEBUG n.t.c.u.PropertiesFileLocalPreferences - serenity.use.unique.browser=true

10:16:17.543 [main] DEBUG n.t.c.u.PropertiesFileLocalPreferences - serenity.junit.retry.tests=true

10:16:17.543 [main] DEBUG n.t.c.u.PropertiesFileLocalPreferences - chrome_preferences.credentials_enable_service=false

10:16:17.543 [main] DEBUG n.t.c.u.PropertiesFileLocalPreferences - serenity.timeouts.implicitlywait=5000

10:16:17.543 [main] DEBUG n.t.c.u.PropertiesFileLocalPreferences - webdriver.driver=chrome

10:16:17.543 [main] DEBUG n.t.c.u.PropertiesFileLocalPreferences - chrome_preferences.download.default_directory=/my/downloads/

10:16:17.543 [main] DEBUG n.t.c.u.PropertiesFileLocalPreferences - serenity.logging=VERBOSE

10:16:17.543 [main] DEBUG n.t.c.u.PropertiesFileLocalPreferences - serenity.browser.height=1080

10:16:17.543 [main] DEBUG n.t.c.u.PropertiesFileLocalPreferences - environment=UAT

10:16:17.543 [main] DEBUG n.t.c.u.PropertiesFileLocalPreferences - chrome_preferences.profile.default_content_setting_values.geolocation=1

10:16:17.543 [main] DEBUG n.t.c.u.PropertiesFileLocalPreferences - headless.mode=false

10:16:17.934 [main] INFO  i.c.core.plugin.SerenityReporter - Running feature from file:///C:/Users/Usuario/Desktop/AUTOMATIZACIONES/automation-cuponero-v2/src/test/resources/features/Coupons/categoryCoupon.feature

10:16:18.085 [main] DEBUG n.t.c.u.PropertiesFileLocalPreferences - LOADING LOCAL PROPERTIES FROM C:\Users\Usuario\Desktop\AUTOMATIZACIONES\automation-cuponero-v2\serenity.properties 

10:16:18.108 [main] DEBUG n.t.c.u.PropertiesFileLocalPreferences - LOADING LOCAL PROPERTIES FROM C:\Users\Usuario\Desktop\AUTOMATIZACIONES\automation-cuponero-v2\serenity.properties 

10:16:18.108 [main] DEBUG n.t.c.u.PropertiesFileLocalPreferences - LOADING LOCAL PROPERTIES FROM C:\Users\Usuario\Desktop\AUTOMATIZACIONES\automation-cuponero-v2\serenity.properties 

10:16:18.109 [main] DEBUG n.t.c.u.PropertiesFileLocalPreferences - serenity.outputDirectory=src/target/site/reports

10:16:18.109 [main] DEBUG n.t.c.u.PropertiesFileLocalPreferences - serenity.test.root="net.serenitybdd.demos.todos.features"

10:16:18.110 [main] DEBUG n.t.c.u.PropertiesFileLocalPreferences - serenity.project.name="My Special Project"

10:16:18.110 [main] DEBUG n.t.c.u.PropertiesFileLocalPreferences - serenity.timeouts.fluentwait=10000

10:16:18.110 [main] DEBUG n.t.c.u.PropertiesFileLocalPreferences - chrome_experimental_options.excludeSwitches=enable-automation

10:16:18.110 [main] DEBUG n.t.c.u.PropertiesFileLocalPreferences - environments.PROD.home.page=https://cupomania-qa05.cindibyinkafarma.com/login

10:16:18.110 [main] DEBUG n.t.c.u.PropertiesFileLocalPreferences - serenity.reports.show.step.details=true

10:16:18.110 [main] DEBUG n.t.c.u.PropertiesFileLocalPreferences - webdriver.autodownload=true

10:16:18.111 [main] DEBUG n.t.c.u.PropertiesFileLocalPreferences - chrome_preferences.password_manager_enabled=false

10:16:18.111 [main] DEBUG n.t.c.u.PropertiesFileLocalPreferences - environments.UAT.home.page=https://cupomania-qa05.cindibyinkafarma.com/login

10:16:18.111 [main] DEBUG n.t.c.u.PropertiesFileLocalPreferences - chrome_preferences.profile.default_content_settings.popups=0

10:16:18.111 [main] DEBUG n.t.c.u.PropertiesFileLocalPreferences - serenity.report.show.manual.tests=true

10:16:18.111 [main] DEBUG n.t.c.u.PropertiesFileLocalPreferences - serenity.wait.for.timeout=10000

10:16:18.111 [main] DEBUG n.t.c.u.PropertiesFileLocalPreferences - environments.UAT.home.page1=https://conveniosci04.cindibyinkafarma.com/

10:16:18.111 [main] DEBUG n.t.c.u.PropertiesFileLocalPreferences - firefox.preferences=browser.download.dir=/tmp;browser.helperApps.alwaysAsk.force=false;browser.download.manager.showWhenStarting=false;browser.download.useDownloadDir=true;browser.download.folderList=2;permissions.default.desktop-notification=1

10:16:18.111 [main] DEBUG n.t.c.u.PropertiesFileLocalPreferences - serenity.browser.width=1920

10:16:18.111 [main] DEBUG n.t.c.u.PropertiesFileLocalPreferences - chrome_preferences.profile.default_content_setting_values.notifications=1

10:16:18.112 [main] DEBUG n.t.c.u.PropertiesFileLocalPreferences - serenity.verbose.screenshots.for.tasks=AFTER_EACH_STEP

10:16:18.112 [main] DEBUG n.t.c.u.PropertiesFileLocalPreferences - serenity.max.retries=2

10:16:18.112 [main] DEBUG n.t.c.u.PropertiesFileLocalPreferences - environments.default.home.page=https://cupomania-qa05.cindibyinkafarma.com/login

10:16:18.112 [main] DEBUG n.t.c.u.PropertiesFileLocalPreferences - serenity.take.screenshots.for.tasks=FOR_EACH_ACTION

10:16:18.112 [main] DEBUG n.t.c.u.PropertiesFileLocalPreferences - chrome_experimental_options.useAutomationExtension=false

10:16:18.112 [main] DEBUG n.t.c.u.PropertiesFileLocalPreferences - chrome.switches=--start-maximized;--test-type;--no-sandbox;--ignore-certificate-errors;--disable-popup-blocking;--disable-default-apps;--disable-extensions-file-access-check;--disable-download-notification;--disable-infobars,--disable-gpu

10:16:18.112 [main] DEBUG n.t.c.u.PropertiesFileLocalPreferences - serenity.console.headings=normal

10:16:18.112 [main] DEBUG n.t.c.u.PropertiesFileLocalPreferences - serenity.console.colors=true

10:16:18.112 [main] DEBUG n.t.c.u.PropertiesFileLocalPreferences - serenity.restart.browser.for.each=NEVER

10:16:18.113 [main] DEBUG n.t.c.u.PropertiesFileLocalPreferences - serenity.use.unique.browser=true

10:16:18.113 [main] DEBUG n.t.c.u.PropertiesFileLocalPreferences - serenity.junit.retry.tests=true

10:16:18.113 [main] DEBUG n.t.c.u.PropertiesFileLocalPreferences - chrome_preferences.credentials_enable_service=false

10:16:18.113 [main] DEBUG n.t.c.u.PropertiesFileLocalPreferences - serenity.timeouts.implicitlywait=5000

10:16:18.113 [main] DEBUG n.t.c.u.PropertiesFileLocalPreferences - webdriver.driver=chrome

10:16:18.113 [main] DEBUG n.t.c.u.PropertiesFileLocalPreferences - chrome_preferences.download.default_directory=/my/downloads/

10:16:18.113 [main] DEBUG n.t.c.u.PropertiesFileLocalPreferences - serenity.logging=VERBOSE

10:16:18.113 [main] DEBUG n.t.c.u.PropertiesFileLocalPreferences - serenity.browser.height=1080

10:16:18.113 [main] DEBUG n.t.c.u.PropertiesFileLocalPreferences - environment=UAT

10:16:18.113 [main] DEBUG n.t.c.u.PropertiesFileLocalPreferences - chrome_preferences.profile.default_content_setting_values.geolocation=1

10:16:18.114 [main] DEBUG n.t.c.u.PropertiesFileLocalPreferences - headless.mode=false

10:16:18.122 [main] INFO   - &amp#27;[96m

-------------------------------------------------------------------------------------
     _______. _______ .______       _______ .__   __.  __  .___________.____    ____ 
    /       ||   ____||   _  \     |   ____||  \ |  | |  | |           |\   \  /   / 
   |   (----`|  |__   |  |_)  |    |  |__   |   \|  | |  | `---|  |----` \   \/   /  
    \   \    |   __|  |      /     |   __|  |  . `  | |  |     |  |       \_    _/   
.----)   |   |  |____ |  |\  \----.|  |____ |  |\   | |  |     |  |         |  |     
|_______/    |_______|| _| `._____||_______||__| \__| |__|     |__|         |__|    
                                                                                     
 News and tutorials at http://www.serenity-bdd.info                                  
 Documentation at https://wakaleo.gitbooks.io/the-serenity-book/content/             
 Join the Serenity Community on Gitter: https://gitter.im/serenity-bdd/serenity-core 
 Serenity BDD Support and Training at http://serenity-bdd.info/#/trainingandsupport  
-------------------------------------------------------------------------------------
&amp#27;[0m

10:16:18.126 [main] DEBUG n.thucydides.core.steps.StepEventBus - Test suite started for story net.thucydides.core.model.Story@5372edb0

10:16:18.127 [main] INFO   - Test Suite Started: category coupons

10:16:18.141 [main] INFO  i.c.core.plugin.SerenityReporter - Running feature from file:///C:/Users/Usuario/Desktop/AUTOMATIZACIONES/automation-cuponero-v2/src/test/resources/features/Coupons/couponBicanal.feature

10:16:18.147 [main] DEBUG n.thucydides.core.steps.StepEventBus - Test suite started for story net.thucydides.core.model.Story@75f8c307

10:16:18.149 [main] INFO   - Test Suite Started: Coupons

10:16:18.150 [main] INFO  i.c.core.plugin.SerenityReporter - Running feature from file:///C:/Users/Usuario/Desktop/AUTOMATIZACIONES/automation-cuponero-v2/src/test/resources/features/Coupons/couponFlash.feature

10:16:18.153 [main] DEBUG n.thucydides.core.steps.StepEventBus - Test suite started for story net.thucydides.core.model.Story@29deace3

10:16:18.154 [main] INFO   - Test Suite Started: Coupons

10:16:18.154 [main] INFO  i.c.core.plugin.SerenityReporter - Running feature from file:///C:/Users/Usuario/Desktop/AUTOMATIZACIONES/automation-cuponero-v2/src/test/resources/features/Coupons/couponMultiHook.feature

10:16:18.158 [main] DEBUG n.thucydides.core.steps.StepEventBus - Test suite started for story net.thucydides.core.model.Story@74dd7eef

10:16:18.159 [main] INFO   - Test Suite Started: Coupons

10:16:18.159 [main] INFO  i.c.core.plugin.SerenityReporter - Running feature from file:///C:/Users/Usuario/Desktop/AUTOMATIZACIONES/automation-cuponero-v2/src/test/resources/features/Coupons/couponNormal.feature

10:16:18.166 [main] DEBUG n.thucydides.core.steps.StepEventBus - Test suite started for story net.thucydides.core.model.Story@4406e32a

10:16:18.166 [main] INFO   - Test Suite Started: Coupons

10:16:18.167 [main] INFO  i.c.core.plugin.SerenityReporter - Running feature from file:///C:/Users/Usuario/Desktop/AUTOMATIZACIONES/automation-cuponero-v2/src/test/resources/features/Coupons/couponRecommend.feature

10:16:18.171 [main] DEBUG n.thucydides.core.steps.StepEventBus - Test suite started for story net.thucydides.core.model.Story@60a6d5af

10:16:18.171 [main] INFO   - Test Suite Started: Coupons

10:16:18.171 [main] INFO  i.c.core.plugin.SerenityReporter - Running feature from file:///C:/Users/Usuario/Desktop/AUTOMATIZACIONES/automation-cuponero-v2/src/test/resources/features/Coupons/searchCoupon.feature

10:16:18.179 [main] DEBUG n.thucydides.core.steps.StepEventBus - Test suite started for story net.thucydides.core.model.Story@1a5ea4d

10:16:18.179 [main] INFO   - Test Suite Started: Search Coupon

10:16:18.179 [main] INFO  i.c.core.plugin.SerenityReporter - Running feature from file:///C:/Users/Usuario/Desktop/AUTOMATIZACIONES/automation-cuponero-v2/src/test/resources/features/footer/footer.feature

10:16:18.184 [main] DEBUG n.thucydides.core.steps.StepEventBus - Test suite started for story net.thucydides.core.model.Story@5e33f65c

10:16:18.185 [main] INFO   - Test Suite Started: FOOTER

10:16:18.185 [main] INFO  i.c.core.plugin.SerenityReporter - Running feature from file:///C:/Users/Usuario/Desktop/AUTOMATIZACIONES/automation-cuponero-v2/src/test/resources/features/login/login.feature

10:16:18.191 [main] DEBUG n.thucydides.core.steps.StepEventBus - Test suite started for story net.thucydides.core.model.Story@94cad640

10:16:18.192 [main] INFO   - Test Suite Started: Login into the application

10:16:18.192 [main] INFO  i.c.core.plugin.SerenityReporter - Running feature from file:///C:/Users/Usuario/Desktop/AUTOMATIZACIONES/automation-cuponero-v2/src/test/resources/features/update/update.feature

10:16:18.197 [main] DEBUG n.thucydides.core.steps.StepEventBus - Test suite started for story net.thucydides.core.model.Story@877b492e

10:16:18.198 [main] INFO   - Test Suite Started: Update



1
 Scenarios (
&amp#27;[32m1 passed&amp#27;[0m
)

3
 Steps (
&amp#27;[32m3 passed&amp#27;[0m
)

0m
54.045s





10:17:11.977 [main] DEBUG n.t.core.reports.ReportService - Reporting formats: [JSON, HTML]

10:17:12.031 [main] DEBUG n.t.core.reports.ReportService - Reporting formats: [JSON, HTML]

10:17:12.042 [main] DEBUG n.t.core.reports.ReportService - Generating reports for 1 test outcomes using: net.thucydides.core.reports.json.JSONTestOutcomeReporter@4c2869a9

10:17:12.043 [pool-2-thread-1] DEBUG n.t.core.reports.ReportService - Processing test outcome category coupons:category coupons

10:17:12.043 [pool-2-thread-1] INFO  n.t.core.reports.ReportService - net.thucydides.core.reports.json.JSONTestOutcomeReporter@4c2869a9: Generating report for test outcome: category coupons:category coupons

10:17:12.046 [pool-2-thread-1] DEBUG n.t.c.r.json.JSONTestOutcomeReporter - Generating JSON report for category coupons to file C:\Users\Usuario\Desktop\AUTOMATIZACIONES\automation-cuponero-v2\src\target\site\reports\b7dc247ad84e9c4386e7fbae271324f2d2cb8f8fcd163e129d1021bc582c4ce3.json (using temp file C:\Users\Usuario\Desktop\AUTOMATIZACIONES\automation-cuponero-v2\src\target\site\reports\b7dc247ad84e9c4386e7fbae271324f2d2cb8f8fcd163e129d1021bc582c4ce3.jsone450e643-1ff2-4334-aa8c-518fb067104a)

10:17:12.073 [pool-2-thread-1] DEBUG n.t.core.reports.ReportService - Processing test outcome category coupons:category coupons done

10:17:12.073 [main] DEBUG n.t.core.reports.ReportService - Shutting down executor service

10:17:12.073 [main] DEBUG n.t.core.reports.ReportService - Reports generated in: 31 ms

10:17:12.073 [main] DEBUG n.t.core.reports.ReportService - Generating reports for 1 test outcomes using: net.thucydides.core.reports.html.HtmlAcceptanceTestReporter@33f98231

10:17:12.073 [pool-3-thread-1] DEBUG n.t.core.reports.ReportService - Processing test outcome category coupons:category coupons

10:17:12.073 [pool-3-thread-1] INFO  n.t.core.reports.ReportService - net.thucydides.core.reports.html.HtmlAcceptanceTestReporter@33f98231: Generating report for test outcome: category coupons:category coupons

10:17:12.095 [pool-3-thread-1] DEBUG n.t.c.r.PackageRequirementsTagProvider - Loading requirements from package requirements at: "net.serenitybdd.demos.todos.features"

10:17:12.433 [pool-3-thread-1] DEBUG n.t.c.r.m.cucumber.CucumberParser - Added feature category coupons

10:17:12.437 [pool-3-thread-1] DEBUG n.t.c.r.m.cucumber.CucumberParser - Added feature Coupons

10:17:12.440 [pool-3-thread-1] DEBUG n.t.c.r.m.cucumber.CucumberParser - Added feature Coupons

10:17:12.444 [pool-3-thread-1] DEBUG n.t.c.r.m.cucumber.CucumberParser - Added feature Coupons

10:17:12.448 [pool-3-thread-1] DEBUG n.t.c.r.m.cucumber.CucumberParser - Added feature Coupons

10:17:12.451 [pool-3-thread-1] DEBUG n.t.c.r.m.cucumber.CucumberParser - Added feature Coupons

10:17:12.456 [pool-3-thread-1] DEBUG n.t.c.r.m.cucumber.CucumberParser - Added feature Search Coupon

10:17:12.465 [pool-3-thread-1] DEBUG n.t.c.r.m.cucumber.CucumberParser - Added feature FOOTER

10:17:12.474 [pool-3-thread-1] DEBUG n.t.c.r.m.cucumber.CucumberParser - Added feature Login into the application

10:17:12.483 [pool-3-thread-1] DEBUG n.t.c.r.m.cucumber.CucumberParser - Added feature Update

10:17:12.489 [pool-3-thread-1] DEBUG n.t.c.r.BaseRequirementsService - Requirement found for test outcome category coupons-[]: Optional[Requirement{name='category coupons', type='feature' parent = 'Coupons', cardNumber='null'}]

10:17:12.491 [pool-3-thread-1] DEBUG n.t.c.r.BaseRequirementsService - Requirement found for test outcome category coupons-[]: Optional[Requirement{name='category coupons', type='feature' parent = 'Coupons', cardNumber='null'}]

10:17:12.503 [pool-3-thread-1] DEBUG n.t.c.r.BaseRequirementsService - Requirement found for test outcome category coupons-[]: Optional[Requirement{name='category coupons', type='feature' parent = 'Coupons', cardNumber='null'}]

10:17:12.504 [pool-3-thread-1] DEBUG n.t.c.r.BaseRequirementsService - Requirement found for test outcome category coupons-[]: Optional[Requirement{name='category coupons', type='feature' parent = 'Coupons', cardNumber='null'}]

10:17:12.551 [pool-3-thread-1] DEBUG serenity.reporting - Generating report in b7dc247ad84e9c4386e7fbae271324f2d2cb8f8fcd163e129d1021bc582c4ce3_screenshots.html

10:17:12.946 [pool-3-thread-1] DEBUG serenity.reporting - Generated report b7dc247ad84e9c4386e7fbae271324f2d2cb8f8fcd163e129d1021bc582c4ce3_screenshots.html in 395 ms

10:17:12.949 [pool-3-thread-1] INFO  serenity.reporting - 
-------------------------------
| TEST NAME:   &amp#27;[1mcategory coupons&amp#27;[0m
| RESULT:      &amp#27;[92mPassing&amp#27;[0m
| REQUIREMENT: category coupons
| REPORT:      &amp#27;[96mfile:///C:/Users/Usuario/Desktop/AUTOMATIZACIONES/automation-cuponero-v2/src/target/site/reports/b7dc247ad84e9c4386e7fbae271324f2d2cb8f8fcd163e129d1021bc582c4ce3.html&amp#27;[0m
-------------------------------

10:17:12.951 [pool-3-thread-1] DEBUG serenity.reporting - Generating report in b7dc247ad84e9c4386e7fbae271324f2d2cb8f8fcd163e129d1021bc582c4ce3.html

10:17:13.258 [pool-3-thread-1] DEBUG serenity.reporting - Generated report b7dc247ad84e9c4386e7fbae271324f2d2cb8f8fcd163e129d1021bc582c4ce3.html in 307 ms

10:17:13.258 [pool-3-thread-1] DEBUG n.t.core.reports.ReportService - Processing test outcome category coupons:category coupons done

10:17:13.258 [main] DEBUG n.t.core.reports.ReportService - Shutting down executor service

10:17:13.258 [main] DEBUG n.t.core.reports.ReportService - Reports generated in: 1185 ms

10:17:13.388 [main] INFO  i.c.core.plugin.SerenityReporter - Cleanup test resources for URI file:///C:/Users/Usuario/Desktop/AUTOMATIZACIONES/automation-cuponero-v2/src/test/resources/features/Coupons/categoryCoupon.feature

10:17:13.389 [main] DEBUG n.s.core.photography.Darkroom - Closing darkroom


@categoryCoupons
Scenario Outline: category coupons               &amp#27;[90m# src/test/resources/features/Coupons/categoryCoupon.feature:10&amp#27;[0m
10:16:18.521 [pool-2-thread-1] INFO  i.c.core.plugin.SerenityReporter - Running feature from file:///C:/Users/Usuario/Desktop/AUTOMATIZACIONES/automation-cuponero-v2/src/test/resources/features/Coupons/categoryCoupon.feature
10:16:18.625 [pool-2-thread-1] INFO   - ----------------
- TEST STARTED -
----------------

category coupons(category-coupons;category-coupons)
----------------
10:16:18.710 [pool-2-thread-1] DEBUG n.t.c.r.m.cucumber.CucumberParser - Added feature category coupons
10:16:18.729 [pool-2-thread-1] DEBUG n.t.c.r.m.cucumber.CucumberParser - Added feature Coupons
10:16:18.734 [pool-2-thread-1] DEBUG n.t.c.r.m.cucumber.CucumberParser - Added feature Coupons
10:16:18.740 [pool-2-thread-1] DEBUG n.t.c.r.m.cucumber.CucumberParser - Added feature Coupons
10:16:18.746 [pool-2-thread-1] DEBUG n.t.c.r.m.cucumber.CucumberParser - Added feature Coupons
10:16:18.752 [pool-2-thread-1] DEBUG n.t.c.r.m.cucumber.CucumberParser - Added feature Coupons
10:16:18.760 [pool-2-thread-1] DEBUG n.t.c.r.m.cucumber.CucumberParser - Added feature Search Coupon
10:16:18.777 [pool-2-thread-1] DEBUG n.t.c.r.m.cucumber.CucumberParser - Added feature FOOTER
10:16:18.795 [pool-2-thread-1] DEBUG n.t.c.r.m.cucumber.CucumberParser - Added feature Login into the application
10:16:18.810 [pool-2-thread-1] DEBUG n.t.c.r.m.cucumber.CucumberParser - Added feature Update
&amp#27;[92m|-- 1: category coupons ({user=72209308})&amp#27;[0m
&amp#27;[92m|---- Given User enters the coupon website&amp#27;[0m
&amp#27;[92m|------ User opens the home page&amp#27;[0m
10:16:19.282 [pool-2-thread-1] DEBUG n.t.core.steps.StepInterceptor - STARTING STEP: LoginSD.user_enters_the_coupon_website - !#title
&amp#27;[92m|-------- User opens the home.page page&amp#27;[0m
10:16:19.294 [pool-2-thread-1] DEBUG n.t.core.steps.StepInterceptor - STARTING STEP: LoginSD.user_enters_the_coupon_website - {0} opens the #pageName page
10:16:19.325 [pool-2-thread-1] INFO  n.s.c.w.d.ChromeDriverProvider - Using automatically driver download
10:16:19.608 [pool-2-thread-1] DEBUG i.g.b.wdm.cache.ResolutionCache - Resolution chrome=93 in cache (valid until 10:45:02 07/09/2021 COT)
10:16:19.610 [pool-2-thread-1] DEBUG i.g.b.wdm.cache.ResolutionCache - Resolution chrome93=93.0.4577.15 in cache (valid until 09:45:02 08/09/2021 COT)
10:16:19.610 [pool-2-thread-1] INFO  i.g.bonigarcia.wdm.WebDriverManager - Using chromedriver 93.0.4577.15 (resolved driver for Chrome 93)
10:16:19.617 [pool-2-thread-1] DEBUG i.g.bonigarcia.wdm.WebDriverManager - Driver chromedriver 93.0.4577.15 found in cache
10:16:19.618 [pool-2-thread-1] INFO  i.g.bonigarcia.wdm.WebDriverManager - Exporting webdriver.chrome.driver as C:\Users\Usuario\.cache\selenium\chromedriver\win32\93.0.4577.15\chromedriver.exe
10:16:20.513 [pool-2-thread-1] INFO  n.s.c.w.d.ProvideNewDriver - Instantiating driver
10:16:20.515 [pool-2-thread-1] INFO  n.s.c.w.d.ProvideNewDriver - Driver capabilities: Capabilities {acceptInsecureCerts: false, browserName: chrome, chrome.switches: --start-maximized;--test-ty..., goog:chromeOptions: {args: [--start-maximized, --test-type, --no-sandbox, --ignore-certificate-errors, --disable-popup-blocking, --disable-default-apps, --disable-extensions-file-a..., --disable-download-notifica..., --disable-infobars, --disable-gpu], excludeSwitches: [--enable-automation], extensions: [], prefs: {credentials_enable_service: false, download.default_directory: /my/downloads/, password_manager_enabled: false, profile.default_content_setting_values.geolocation: 1, profile.default_content_setting_values.notifications: 1, profile.default_content_settings.popups: 0}, useAutomationExtension: false}, loggingPrefs: org.openqa.selenium.logging...}
10:16:40.202 [pool-2-thread-1] DEBUG n.s.core.photography.Darkroom - Opening darkroom
10:16:40.203 [Darkroom Processing Line] DEBUG n.s.c.p.DarkroomProcessingLine - Darkroom processing line starting up
10:16:40.591 [pool-2-thread-1] DEBUG n.s.core.photography.Darkroom - Send negative for processing for src\target\site\reports\576dfb2e329bb523d7f0acb0a6ff56fcd39b906e73731c6823f68fefaf8b1e24.png
10:16:40.592 [Darkroom Processing Line] DEBUG n.s.c.p.DarkroomProcessingLine - Processing screenshot image in /var/screenshots/screenshot-13984828104453000819
10:16:40.592 [Darkroom Processing Line] DEBUG n.s.c.p.DarkroomProcessingLine - Saving screenshot to src\target\site\reports\576dfb2e329bb523d7f0acb0a6ff56fcd39b906e73731c6823f68fefaf8b1e24.png
10:16:40.595 [pool-2-thread-1] DEBUG n.t.core.steps.StepInterceptor - STEP DONE: {0} opens the #pageName page
10:16:40.603 [pool-2-thread-1] DEBUG n.t.core.steps.StepInterceptor - STEP DONE: !#title
  &amp#27;[32mGiven &amp#27;[0m&amp#27;[32m&amp#27;[0m&amp#27;[32m&amp#27;[1mUser&amp#27;[0m&amp#27;[32m enters the coupon website&amp#27;[0m           &amp#27;[90m# steps.LoginSD.user_enters_the_coupon_website(net.serenitybdd.screenplay.Actor)&amp#27;[0m
10:16:50.837 [pool-2-thread-1] DEBUG n.s.core.photography.Darkroom - Send negative for processing for src\target\site\reports\5954da8df7f365d1aabfb6e5233897ebc42c420464830b252be80c2f8a38b61a.png
10:16:50.837 [Darkroom Processing Line] DEBUG n.s.c.p.DarkroomProcessingLine - Processing screenshot image in /var/screenshots/screenshot-8112799225742546279
10:16:50.837 [Darkroom Processing Line] DEBUG n.s.c.p.DarkroomProcessingLine - Saving screenshot to src\target\site\reports\5954da8df7f365d1aabfb6e5233897ebc42c420464830b252be80c2f8a38b61a.png
&amp#27;[92m|---- When 72209308 selects a coupon category&amp#27;[0m
10:16:56.092 [pool-2-thread-1] DEBUG n.s.core.photography.Darkroom - Send negative for processing for src\target\site\reports\2333753befcf45e7fcf51240236adef1130ac992a2ba53b795d32852f880f940.png
&amp#27;[92m|------ Login&amp#27;[0m
10:16:56.093 [Darkroom Processing Line] DEBUG n.s.c.p.DarkroomProcessingLine - Processing screenshot image in /var/screenshots/screenshot-9896764846989960102
10:16:56.093 [Darkroom Processing Line] DEBUG n.s.c.p.DarkroomProcessingLine - Saving screenshot to src\target\site\reports\2333753befcf45e7fcf51240236adef1130ac992a2ba53b795d32852f880f940.png
10:16:56.093 [pool-2-thread-1] DEBUG n.t.core.steps.StepInterceptor - STARTING STEP: CategoryCouponSD.selects_a_coupon_category - !#title
10:16:56.098 [pool-2-thread-1] DEBUG n.s.s.targets.IFrameSwitcher - default content already selected for Input de numero de documento
10:16:56.427 [pool-2-thread-1] DEBUG n.s.core.photography.Darkroom - Send negative for processing for src\target\site\reports\2333753befcf45e7fcf51240236adef1130ac992a2ba53b795d32852f880f940.png
&amp#27;[92m|-------- User enters '72209308' into Input de numero de documento&amp#27;[0m
10:16:56.428 [pool-2-thread-1] DEBUG n.t.core.steps.StepInterceptor - STARTING STEP: CategoryCouponSD.selects_a_coupon_category - {0} enters #theTextAsAString into #target
10:16:56.429 [pool-2-thread-1] DEBUG n.s.s.targets.IFrameSwitcher - default content already selected for Input de numero de documento
10:16:56.967 [pool-2-thread-1] DEBUG n.s.core.photography.Darkroom - Send negative for processing for src\target\site\reports\03443cc4d28888863c84462239cad86bfc0966ad96389e72181b5fff58448e12.png
10:16:56.968 [pool-2-thread-1] DEBUG n.t.core.steps.StepInterceptor - STEP DONE: {0} enters #theTextAsAString into #target
10:16:56.968 [Darkroom Processing Line] DEBUG n.s.c.p.DarkroomProcessingLine - Processing screenshot image in /var/screenshots/screenshot-16359140566636338706
10:16:56.968 [Darkroom Processing Line] DEBUG n.s.c.p.DarkroomProcessingLine - Saving screenshot to src\target\site\reports\03443cc4d28888863c84462239cad86bfc0966ad96389e72181b5fff58448e12.png
10:16:56.969 [pool-2-thread-1] DEBUG n.s.s.targets.IFrameSwitcher - default content already selected for Boton ingresar
10:16:57.274 [pool-2-thread-1] DEBUG n.s.core.photography.Darkroom - Send negative for processing for src\target\site\reports\ad113a9ab714ac45c75120dd7af404710642f15e3519cc71e29305bc422e60cf.png
&amp#27;[92m|-------- User clicks on Boton ingresar&amp#27;[0m
10:16:57.274 [Darkroom Processing Line] DEBUG n.s.c.p.DarkroomProcessingLine - Processing screenshot image in /var/screenshots/screenshot-15148800723890760903
10:16:57.274 [Darkroom Processing Line] DEBUG n.s.c.p.DarkroomProcessingLine - Saving screenshot to src\target\site\reports\ad113a9ab714ac45c75120dd7af404710642f15e3519cc71e29305bc422e60cf.png
10:16:57.275 [pool-2-thread-1] DEBUG n.t.core.steps.StepInterceptor - STARTING STEP: CategoryCouponSD.selects_a_coupon_category - {0} clicks on #target
10:16:57.275 [pool-2-thread-1] DEBUG n.s.s.targets.IFrameSwitcher - default content already selected for Boton ingresar
10:16:57.605 [pool-2-thread-1] DEBUG n.s.core.photography.Darkroom - Send negative for processing for src\target\site\reports\6698aba3f7990a91c8e057124eed64b2f76ef7f952a9beaaf3fa58349aa93e4a.png
10:16:57.606 [pool-2-thread-1] DEBUG n.t.core.steps.StepInterceptor - STEP DONE: {0} clicks on #target
10:16:57.606 [Darkroom Processing Line] DEBUG n.s.c.p.DarkroomProcessingLine - Processing screenshot image in /var/screenshots/screenshot-11093883032252182276
10:16:57.606 [Darkroom Processing Line] DEBUG n.s.c.p.DarkroomProcessingLine - Saving screenshot to src\target\site\reports\6698aba3f7990a91c8e057124eed64b2f76ef7f952a9beaaf3fa58349aa93e4a.png
10:16:57.608 [pool-2-thread-1] DEBUG n.s.s.targets.IFrameSwitcher - default content already selected for NOMBRE DEL CLIENTE
10:17:01.860 [pool-2-thread-1] DEBUG n.s.s.targets.IFrameSwitcher - default content already selected for NOMBRE DEL CLIENTE
10:17:06.081 [pool-2-thread-1] DEBUG n.s.s.targets.IFrameSwitcher - default content already selected for NOMBRE DEL CLIENTE
10:17:07.128 [pool-2-thread-1] DEBUG n.s.core.photography.Darkroom - Send negative for processing for src\target\site\reports\209d1cba0a4eb83416b6886103d58623b4dadecb06f3cf7c203d9f353efbdd41.png
10:17:07.129 [Darkroom Processing Line] DEBUG n.s.c.p.DarkroomProcessingLine - Processing screenshot image in /var/screenshots/screenshot-5762251517521431064
10:17:07.129 [Darkroom Processing Line] DEBUG n.s.c.p.DarkroomProcessingLine - Saving screenshot to src\target\site\reports\209d1cba0a4eb83416b6886103d58623b4dadecb06f3cf7c203d9f353efbdd41.png
10:17:07.129 [pool-2-thread-1] DEBUG n.t.core.steps.StepInterceptor - STEP DONE: !#title
&amp#27;[92m|------ category coupons&amp#27;[0m
10:17:07.140 [pool-2-thread-1] DEBUG n.t.core.steps.StepInterceptor - STARTING STEP: CategoryCouponSD.selects_a_coupon_category - !#title
10:17:07.142 [pool-2-thread-1] DEBUG n.s.s.targets.IFrameSwitcher - default content already selected for CATEGORIA 1
10:17:09.609 [pool-2-thread-1] DEBUG n.s.core.photography.Darkroom - Send negative for processing for src\target\site\reports\16169a83a39f713975035e911e6dbd923af779020ef879a28fe1d40f7714d8b1.png
&amp#27;[92m|-------- User clicks on CATEGORIA 1&amp#27;[0m
10:17:09.610 [Darkroom Processing Line] DEBUG n.s.c.p.DarkroomProcessingLine - Processing screenshot image in /var/screenshots/screenshot-2253543740442725808
10:17:09.610 [Darkroom Processing Line] DEBUG n.s.c.p.DarkroomProcessingLine - Saving screenshot to src\target\site\reports\16169a83a39f713975035e911e6dbd923af779020ef879a28fe1d40f7714d8b1.png
10:17:09.611 [pool-2-thread-1] DEBUG n.t.core.steps.StepInterceptor - STARTING STEP: CategoryCouponSD.selects_a_coupon_category - {0} clicks on #target
10:17:09.612 [pool-2-thread-1] DEBUG n.s.s.targets.IFrameSwitcher - default content already selected for CATEGORIA 1
10:17:10.201 [pool-2-thread-1] DEBUG n.s.core.photography.Darkroom - Send negative for processing for src\target\site\reports\a13e087bb6e4da05408deda2525bf3f7bcf987980c202b1a2f15abd1cb5a6ae3.png
10:17:10.201 [pool-2-thread-1] DEBUG n.t.core.steps.StepInterceptor - STEP DONE: {0} clicks on #target
10:17:10.201 [Darkroom Processing Line] DEBUG n.s.c.p.DarkroomProcessingLine - Processing screenshot image in /var/screenshots/screenshot-10660202575682385897
10:17:10.202 [Darkroom Processing Line] DEBUG n.s.c.p.DarkroomProcessingLine - Saving screenshot to src\target\site\reports\a13e087bb6e4da05408deda2525bf3f7bcf987980c202b1a2f15abd1cb5a6ae3.png
10:17:10.203 [pool-2-thread-1] DEBUG n.s.s.targets.IFrameSwitcher - default content already selected for CATEGORIA 2
10:17:10.558 [pool-2-thread-1] DEBUG n.s.core.photography.Darkroom - Send negative for processing for src\target\site\reports\a5ecdf48ecc72fcb2160bd4b5a08b742f0aced1a352edff4a8a6f8660dd24d57.png
&amp#27;[92m|-------- User clicks on CATEGORIA 2&amp#27;[0m
10:17:10.558 [Darkroom Processing Line] DEBUG n.s.c.p.DarkroomProcessingLine - Processing screenshot image in /var/screenshots/screenshot-8772388714091070093
10:17:10.558 [Darkroom Processing Line] DEBUG n.s.c.p.DarkroomProcessingLine - Saving screenshot to src\target\site\reports\a5ecdf48ecc72fcb2160bd4b5a08b742f0aced1a352edff4a8a6f8660dd24d57.png
10:17:10.558 [pool-2-thread-1] DEBUG n.t.core.steps.StepInterceptor - STARTING STEP: CategoryCouponSD.selects_a_coupon_category - {0} clicks on #target
10:17:10.559 [pool-2-thread-1] DEBUG n.s.s.targets.IFrameSwitcher - default content already selected for CATEGORIA 2
10:17:11.005 [pool-2-thread-1] DEBUG n.s.core.photography.Darkroom - Send negative for processing for src\target\site\reports\e55879f8b77b478dc4cbc2d8793d871927d8a7deb9dc2d4d137dca8ea42e7bf6.png
10:17:11.005 [pool-2-thread-1] DEBUG n.t.core.steps.StepInterceptor - STEP DONE: {0} clicks on #target
10:17:11.005 [Darkroom Processing Line] DEBUG n.s.c.p.DarkroomProcessingLine - Processing screenshot image in /var/screenshots/screenshot-11905409557241445649
10:17:11.005 [Darkroom Processing Line] DEBUG n.s.c.p.DarkroomProcessingLine - Saving screenshot to src\target\site\reports\e55879f8b77b478dc4cbc2d8793d871927d8a7deb9dc2d4d137dca8ea42e7bf6.png
10:17:11.006 [pool-2-thread-1] DEBUG n.s.s.targets.IFrameSwitcher - default content already selected for CATEGORIA 3
10:17:11.387 [pool-2-thread-1] DEBUG n.s.core.photography.Darkroom - Send negative for processing for src\target\site\reports\d6a82912e48965dcb9cd5e7bfeb22b75f838cf0137cd8bca118cfd199e30020f.png
&amp#27;[92m|-------- User clicks on CATEGORIA 3&amp#27;[0m
10:17:11.388 [pool-2-thread-1] DEBUG n.t.core.steps.StepInterceptor - STARTING STEP: CategoryCouponSD.selects_a_coupon_category - {0} clicks on #target
10:17:11.388 [pool-2-thread-1] DEBUG n.s.s.targets.IFrameSwitcher - default content already selected for CATEGORIA 3
10:17:11.861 [pool-2-thread-1] DEBUG n.s.core.photography.Darkroom - Send negative for processing for src\target\site\reports\df17dedf45e7e68f09ef81187273a0dd0d83b5e35b740173375dc70d0b0f1262.png
10:17:11.861 [pool-2-thread-1] DEBUG n.t.core.steps.StepInterceptor - STEP DONE: {0} clicks on #target
10:17:11.861 [Darkroom Processing Line] DEBUG n.s.c.p.DarkroomProcessingLine - Processing screenshot image in /var/screenshots/screenshot-5338709765930287698
10:17:11.861 [Darkroom Processing Line] DEBUG n.s.c.p.DarkroomProcessingLine - Saving screenshot to src\target\site\reports\df17dedf45e7e68f09ef81187273a0dd0d83b5e35b740173375dc70d0b0f1262.png
10:17:11.865 [pool-2-thread-1] DEBUG n.t.core.steps.StepInterceptor - STEP DONE: !#title
  &amp#27;[32mWhen &amp#27;[0m&amp#27;[32m&amp#27;[0m&amp#27;[32m&amp#27;[1m72209308&amp#27;[0m&amp#27;[32m selects a coupon category&amp#27;[0m        &amp#27;[90m# steps.CategoryCouponSD.selects_a_coupon_category(java.lang.String)&amp#27;[0m
&amp#27;[92m|---- Then view the coupons of the selected category&amp#27;[0m
hola mundo  &amp#27;[32mThen &amp#27;[0m&amp#27;[32mview the coupons of the selected category&amp#27;[0m &amp#27;[90m# steps.CategoryCouponSD.view_the_coupons_of_the_selected_category()&amp#27;[0m
10:17:11.970 [pool-2-thread-1] INFO   - &amp#27;[92m---------------
- TEST PASSED -
---------------

category coupons
---------------&amp#27;[0m
10:17:13.389 [Darkroom Processing Line] DEBUG n.s.c.p.DarkroomProcessingLine - Darkroom processing line shutting down
]]></system-out>
    <system-err><![CDATA[Starting ChromeDriver 93.0.4577.15 (660fc11082ba57405eca2e8c49c3e1af756fbfae-refs/branch-heads/4577@{#203}) on port 37464
Only local connections are allowed.
Please see https://chromedriver.chromium.org/security-considerations for suggestions on keeping ChromeDriver safe.
ChromeDriver was started successfully.
[1631027780.946][WARNING]: Deprecated chrome option is ignored: useAutomationExtension
[1631027780.946][WARNING]: Deprecated chrome option is ignored: useAutomationExtension
set. 07, 2021 10:16:21 A. M. org.openqa.selenium.remote.ProtocolHandshake createSession
INFO: Detected dialect: W3C
]]></system-err>
  </testcase>
</testsuite>